# SSL/TLS secrets log file, generated by NSS
CLIENT_RANDOM 6136a883a7928d9be37293357ffeb36ce64bd00498a73cd24763eb12c655647e c6c1107b7060be3e712c9eb548158793114ffce5a0dca066bbe78fdbc177aeb59012258d34e17c33b50bf08a6e8d67ad
CLIENT_RANDOM 9924b75c42736c408f1d0afafe91b86a75b80331dd658162c101f504f4d71585 16aba61df35dcac84274510a5145d6ec923988992094fac76c4802ce914d8604820b980bec089af35d82b0a47723d19e
CLIENT_RANDOM 720a82f961a85f741e3404d586782f4c73e0cb1cf529011b7786af0b95f842be 3e7908d5e76d0ad7311af574e856fcbbfa986e54e56531f4820cfbace2882a1888629e50b6be367f303c8a9b2d828adf
CLIENT_RANDOM 67e97fa79a4b6fd8fc29c855a8cb379e33a74c577a3e97e3df4629ab68c865fd e56995f5072be595b8e6121518f068c6fdc678d92fc4212878bb27d26436d1116012ac17396767d3c952b9fabe3eb96a
CLIENT_HANDSHAKE_TRAFFIC_SECRET d4be4e8a7f8e4f33f10876e3773f0debaa7459869f41dd7ad14895fe7edb122f 02cd1fd333377e486eefdf3b70caa693ffddf32d44aafea4ef99bae6af251b8b
SERVER_HANDSHAKE_TRAFFIC_SECRET d4be4e8a7f8e4f33f10876e3773f0debaa7459869f41dd7ad14895fe7edb122f 6362febafc68906250a246261ed865380f375aa77067decf969e74437b4f2e88
CLIENT_TRAFFIC_SECRET_0 d4be4e8a7f8e4f33f10876e3773f0debaa7459869f41dd7ad14895fe7edb122f 7520d132030e135c0e371329c117b6cf9ee2d13d0c6273403f57736a1b1dd100
SERVER_TRAFFIC_SECRET_0 d4be4e8a7f8e4f33f10876e3773f0debaa7459869f41dd7ad14895fe7edb122f a976e5d37974ea2314378e03d64dbecee2c3032eddd93b7985dfcc5194e5d743
EXPORTER_SECRET d4be4e8a7f8e4f33f10876e3773f0debaa7459869f41dd7ad14895fe7edb122f 5285d5f6d7cb9d2ce1c95ee226fbcd875f0bddeca94803f8f67b2ce20640a499
CLIENT_HANDSHAKE_TRAFFIC_SECRET bb53bcc00f5e49c62c64e44bd501f466fe86e16ebce940c65db076858bbe6fc4 2b95968a98f41a70656c4f5083e04e12a00bb5f4e88a2f6fe5e09241edee8cb4
SERVER_HANDSHAKE_TRAFFIC_SECRET bb53bcc00f5e49c62c64e44bd501f466fe86e16ebce940c65db076858bbe6fc4 c38696abfdc1b709ac8a541507ed49e7e1b5352ee50de8274e273d4946fb1162
CLIENT_TRAFFIC_SECRET_0 bb53bcc00f5e49c62c64e44bd501f466fe86e16ebce940c65db076858bbe6fc4 aa0ca2df24c821db1c5c799b195e6cbf8dddbeaa8e404059c6cd21c459b9e2e0
SERVER_TRAFFIC_SECRET_0 bb53bcc00f5e49c62c64e44bd501f466fe86e16ebce940c65db076858bbe6fc4 5b053838fe2cf58653866ba42b59fa7708b43d02f9abf7a7abb13c15c16c97f0
EXPORTER_SECRET bb53bcc00f5e49c62c64e44bd501f466fe86e16ebce940c65db076858bbe6fc4 12c1e591da47580a4241cee9abfa895809cdfdf30438d8a76bca690b15dfb820
CLIENT_HANDSHAKE_TRAFFIC_SECRET 920649a86b90d199478510fa26351584cc7e7d68843e76324efa67405149b828 b012e773fb7da936da9f30ee5d97561f4c417321386741062ac6a599725d6a2c
SERVER_HANDSHAKE_TRAFFIC_SECRET 920649a86b90d199478510fa26351584cc7e7d68843e76324efa67405149b828 fb707cc8ecd98c9b521e67d9e53165413ca20465ebf27f80455d94291c03aff7
CLIENT_TRAFFIC_SECRET_0 920649a86b90d199478510fa26351584cc7e7d68843e76324efa67405149b828 f9b341ad71e045cdc943acfdabcce586a66856948bdc71069eee0d23e52d99c5
SERVER_TRAFFIC_SECRET_0 920649a86b90d199478510fa26351584cc7e7d68843e76324efa67405149b828 095ae5e8a5f03b5ef48678566ecc48bac9d858eda3de406662720822d23423f5
EXPORTER_SECRET 920649a86b90d199478510fa26351584cc7e7d68843e76324efa67405149b828 a4fd3b92f93c1ecf1b139f053becb61aaa076e90be0797d87e5208d329429588
CLIENT_HANDSHAKE_TRAFFIC_SECRET 39cea314a7ef3b9fad0e4715736c65ff6e35022f1f48958792f786114ec15580 78ef20708d11de2b0219b21b890832556fb03ee89fdd8f59537460d1d44ea300
SERVER_HANDSHAKE_TRAFFIC_SECRET 39cea314a7ef3b9fad0e4715736c65ff6e35022f1f48958792f786114ec15580 fcded7f58626dea71df9ec56ae5a96ed4d37e6442a4b9e469d739e19db43cef4
CLIENT_HANDSHAKE_TRAFFIC_SECRET 431353e4290431a4266b8cbd8b51cf14b72859138ab7979adf6250b018151514 d795888ed360d63eafbe0b616a6f4a41dc0f0416688353e104fe51c55c39df8a
SERVER_HANDSHAKE_TRAFFIC_SECRET 431353e4290431a4266b8cbd8b51cf14b72859138ab7979adf6250b018151514 b4ff9656995876139c4be845a31f7b88261807aebfae97181857ee94a56138f6
CLIENT_RANDOM 7413690036f1a072e84a39a03f62a275983ec8bca15c4fdcd998876706f3bcd2 7ab8532a81ec4c226385f272b1a91a13c414a40428b996eac98012844d2adc31cbe8a3ff921476e7002453bffc2aad1f
CLIENT_RANDOM c0a6b638cabf94e50c0d92177dd663a40ef7c3b70bbc06438ae7732cc9903a1f ef4e131401a562167d6fcd1a11185a7820123c5551e11fbbb7c6c5cc1afa90156577dc02a5bcdb6a3f9d2319ccb80aae
CLIENT_RANDOM 1c665aa39dbdd554679f3145e11cc175b068fdd9d04a669a6295dea8738194ad 7e3b75e8f7de3ccf1f0669a775cdffbd508ce85fc12da95ef61190f128c598cf42881811f8e4c9eb4874ac791abcb169
CLIENT_TRAFFIC_SECRET_0 431353e4290431a4266b8cbd8b51cf14b72859138ab7979adf6250b018151514 8da5c95fff0731272a2d89f9e0997933a613683c13035dea37c8025955ec2351
SERVER_TRAFFIC_SECRET_0 431353e4290431a4266b8cbd8b51cf14b72859138ab7979adf6250b018151514 a6a1f39b7253a6c899e27fc715825cad0953edc78fdfcc2650d4a60aa6faf67c
EXPORTER_SECRET 431353e4290431a4266b8cbd8b51cf14b72859138ab7979adf6250b018151514 4693111ce4de6f33382a73075323167b9ef026797685df1a7adbeb7e2817c024
CLIENT_TRAFFIC_SECRET_0 39cea314a7ef3b9fad0e4715736c65ff6e35022f1f48958792f786114ec15580 a334a910f9541bd8b578a8bc917b0c66b74bada1ddcc595f57117e24d0d21937
SERVER_TRAFFIC_SECRET_0 39cea314a7ef3b9fad0e4715736c65ff6e35022f1f48958792f786114ec15580 fa437667277c68899c8a51cb6b14bbc9dc2b13a87c9c40c49f4cc239770418f7
EXPORTER_SECRET 39cea314a7ef3b9fad0e4715736c65ff6e35022f1f48958792f786114ec15580 b8cc8a74cf191d08c3d8e216846b5de190def5d0e2635005ad8c703b92160df9
CLIENT_HANDSHAKE_TRAFFIC_SECRET 781a9a2e581b76134dd4443ec38c16513c77c6e001163c8c09ef3199dd74fa92 371dadc3e6e0043b7d00f921596febff59d984da7bf9c18e3dc225fba3d421c3
SERVER_HANDSHAKE_TRAFFIC_SECRET 781a9a2e581b76134dd4443ec38c16513c77c6e001163c8c09ef3199dd74fa92 348e500a5091e0d8c2bba9cdf7025de642d9ed3835e80bc88ac8669d791494f5
CLIENT_TRAFFIC_SECRET_0 781a9a2e581b76134dd4443ec38c16513c77c6e001163c8c09ef3199dd74fa92 2d2ecc2c335f86779447b49613f6fc33e9d66440a86ebb71688167e0fcd1eda4
SERVER_TRAFFIC_SECRET_0 781a9a2e581b76134dd4443ec38c16513c77c6e001163c8c09ef3199dd74fa92 46d9dfced58d0d6efdd7a42c5e2f7215d3b2c6ce8ada9f570881d928c7eab7fb
EXPORTER_SECRET 781a9a2e581b76134dd4443ec38c16513c77c6e001163c8c09ef3199dd74fa92 e84f2d8eb8691d6328c52311187dde67033669cdfe25c87a5eda2b7dd4067926
CLIENT_HANDSHAKE_TRAFFIC_SECRET 22ebc17536129610e8fd153b13e5240cf433207891d5af3f709bf9529536129e 09f4192548f39b593f092abda6a94ca12502cdcd2d241056838f3e5e49289564
SERVER_HANDSHAKE_TRAFFIC_SECRET 22ebc17536129610e8fd153b13e5240cf433207891d5af3f709bf9529536129e 5f0dcf29ecd05f54f89e752e5d7f75e1158aa33929cc7e649480c46cff048c47
CLIENT_HANDSHAKE_TRAFFIC_SECRET 8969579fe0fb8770274b7547eeced8cf67dac3333f1eb229df8e1c5dd8744293 64f114c37518f7e8ec48d54f7e0ff0c22057fd08a678fa77a0817fe01c3b7da5
SERVER_HANDSHAKE_TRAFFIC_SECRET 8969579fe0fb8770274b7547eeced8cf67dac3333f1eb229df8e1c5dd8744293 c1056128047ae58e75b9bf57fa18f51025560a9b8e8c9f93a1ff141ae27ed33e
CLIENT_TRAFFIC_SECRET_0 8969579fe0fb8770274b7547eeced8cf67dac3333f1eb229df8e1c5dd8744293 0c59d0dff20e830fdfbac2d2784882d366a5328aa63110f43ab047427c108174
SERVER_TRAFFIC_SECRET_0 8969579fe0fb8770274b7547eeced8cf67dac3333f1eb229df8e1c5dd8744293 d919bcc78f91d187765722bc0b51539d8b3a0426ef2d76c8333bbf3893d1d40c
EXPORTER_SECRET 8969579fe0fb8770274b7547eeced8cf67dac3333f1eb229df8e1c5dd8744293 4681bdcdb8ac5ade83469ddd15e10218efd835ad76ea5d38bd4cf8c7e4ea1f88
CLIENT_TRAFFIC_SECRET_0 22ebc17536129610e8fd153b13e5240cf433207891d5af3f709bf9529536129e 2649c4b023648e161edded675a2730394c2c361280d3cc275be0eef42dfbe057
SERVER_TRAFFIC_SECRET_0 22ebc17536129610e8fd153b13e5240cf433207891d5af3f709bf9529536129e 9d9a994ebe0ddfb8b49e0e58d1e938e8494e3d6b906b243583a2ce0c33d9dc74
EXPORTER_SECRET 22ebc17536129610e8fd153b13e5240cf433207891d5af3f709bf9529536129e c38bef7ef25580c4869fbedb17b4259d2db40545d4d1ebd1b49da9029aa220f3
CLIENT_HANDSHAKE_TRAFFIC_SECRET 2a30baa283eed00c9e8563dd505101032449f30f996f08267e910ada91de2274 793a5a3b7b2241915775cf9581b32b743b581949e691dad6a0bd5ea61ed0398f
SERVER_HANDSHAKE_TRAFFIC_SECRET 2a30baa283eed00c9e8563dd505101032449f30f996f08267e910ada91de2274 12cc51e16fbcc4e7252e01241d239c71d100f59d2f2dd5c10803b7cdf61dfce8
CLIENT_HANDSHAKE_TRAFFIC_SECRET 9096fbb58af794c9665c30204586fae1bf452418d9317474df7dfdcdd334fa6e 6f7a759ea339b863680e99070eae9ce26a4fe0ba5e6ab4d4926548c33c240dfb
SERVER_HANDSHAKE_TRAFFIC_SECRET 9096fbb58af794c9665c30204586fae1bf452418d9317474df7dfdcdd334fa6e f90d745143219cc2897944dd7bacbd3192834324543f24ecd8843ae04ebe25e7
CLIENT_HANDSHAKE_TRAFFIC_SECRET b6d8497be1a4fd1f0e913fff4f884339a208291595121e90da04afb539f069fa d7ebe7c044883cc9e4fedfdc4045c1196dc0ce1d0c86c34311aa6c175f8cf5a4
SERVER_HANDSHAKE_TRAFFIC_SECRET b6d8497be1a4fd1f0e913fff4f884339a208291595121e90da04afb539f069fa a197589659b8d27e936e178c30cd236bf3be5f5fb89b2ceb00ca64dd50f2fa62
CLIENT_HANDSHAKE_TRAFFIC_SECRET fb56560caa3372158a2bc18c426d6aa1549ae215046b0331e383dab4b5c6c3ff 90af779e25e2c594c69dd7cc491a682395b5f8de3d41a571770de020262a21b6
SERVER_HANDSHAKE_TRAFFIC_SECRET fb56560caa3372158a2bc18c426d6aa1549ae215046b0331e383dab4b5c6c3ff 33132371f0b4026f9279b9341abcd4673c4d1a759d68b7455528d4b4705a1704
CLIENT_TRAFFIC_SECRET_0 2a30baa283eed00c9e8563dd505101032449f30f996f08267e910ada91de2274 e854d0c57be53c9a65220f815355a85e374e21604978835b3ff86da77d0339a8
SERVER_TRAFFIC_SECRET_0 2a30baa283eed00c9e8563dd505101032449f30f996f08267e910ada91de2274 c533bad79ff707d622449f2251026febbe8a3a87d333279f3b58108ff1d76215
EXPORTER_SECRET 2a30baa283eed00c9e8563dd505101032449f30f996f08267e910ada91de2274 cf1d2788a951a0d5e468ab1e8ecbae509cacd00752b238e07927feab7e6aebda
CLIENT_TRAFFIC_SECRET_0 fb56560caa3372158a2bc18c426d6aa1549ae215046b0331e383dab4b5c6c3ff cca3d5ababb5a9fa9b936edfad0ebe2a461504783565c4739f48bb672d46de8f
SERVER_TRAFFIC_SECRET_0 fb56560caa3372158a2bc18c426d6aa1549ae215046b0331e383dab4b5c6c3ff 47927b66ae22b972fa7cd938303f6280bf56b44b82dcd37588d4f71cbb71cfff
EXPORTER_SECRET fb56560caa3372158a2bc18c426d6aa1549ae215046b0331e383dab4b5c6c3ff 66af1fa53c5d5da0d991b5f619b775b4fc43e03b9201429a2c74a6b4c8a2ba43
CLIENT_TRAFFIC_SECRET_0 9096fbb58af794c9665c30204586fae1bf452418d9317474df7dfdcdd334fa6e 04566f7e3729ca999c0a33c0871ec66b369d7e61ff7ef9e5ef2a3f5b183a85bd
SERVER_TRAFFIC_SECRET_0 9096fbb58af794c9665c30204586fae1bf452418d9317474df7dfdcdd334fa6e 913f90440507f063f43fd60daa2a3c02b3f5026573d1091ca7b111e5c4c1f7ab
EXPORTER_SECRET 9096fbb58af794c9665c30204586fae1bf452418d9317474df7dfdcdd334fa6e a2f4f0cbe24283c7bca2f2421d6e0b947f0426f8edac360a57c924108782f054
CLIENT_TRAFFIC_SECRET_0 b6d8497be1a4fd1f0e913fff4f884339a208291595121e90da04afb539f069fa 76cadf41632d981cfe11df73e03c93f898c49b3371ab151c821cbdee1467bd1c
SERVER_TRAFFIC_SECRET_0 b6d8497be1a4fd1f0e913fff4f884339a208291595121e90da04afb539f069fa 114c63547e179c2d4cc5ef4d84b4451a764f2238e301cea8dd44f9b08fe19a79
EXPORTER_SECRET b6d8497be1a4fd1f0e913fff4f884339a208291595121e90da04afb539f069fa ec89d42981875274a5e9a56699d75c89a0812e0d44f64565038a426c2fd7f633
CLIENT_HANDSHAKE_TRAFFIC_SECRET bd37e95418132363d2439083c79ea3582e4e98d539f445399afc6f5f3faa63c5 0652f1fc4267da9c6266fe40099bca7f1dd34e9585a899b3bfc7f5f57fe28fc7
SERVER_HANDSHAKE_TRAFFIC_SECRET bd37e95418132363d2439083c79ea3582e4e98d539f445399afc6f5f3faa63c5 7562180a2d77443ddf291a4c19e99ae2c9d6ffabbbc40866994606f0bfa6c2ab
CLIENT_HANDSHAKE_TRAFFIC_SECRET 9c489b4019f9f1ac964c0c462010b3f03fb07fe80cf9a734147d484dfe7265c9 ea133b0286109358859ba177a848b9b67b38055216f95c6e8bc21e751a29a1ec
SERVER_HANDSHAKE_TRAFFIC_SECRET 9c489b4019f9f1ac964c0c462010b3f03fb07fe80cf9a734147d484dfe7265c9 0497424dc048ff9f0c55a24221307297ab408cd7d2cf4d2b166b6b9dd2125da5
CLIENT_TRAFFIC_SECRET_0 9c489b4019f9f1ac964c0c462010b3f03fb07fe80cf9a734147d484dfe7265c9 245d5ae5287387748e29cc68fea38054b8eb3dd56ec1f9415d3e4ae66428e512
SERVER_TRAFFIC_SECRET_0 9c489b4019f9f1ac964c0c462010b3f03fb07fe80cf9a734147d484dfe7265c9 8a81167378c940ad826c90a0a28a13c2ef48e8e886d728b802d524c161f692aa
EXPORTER_SECRET 9c489b4019f9f1ac964c0c462010b3f03fb07fe80cf9a734147d484dfe7265c9 edcb04db2276cffffc670c84edbeae9c1abce1d9891df02a17ab32383e2233a7
CLIENT_TRAFFIC_SECRET_0 bd37e95418132363d2439083c79ea3582e4e98d539f445399afc6f5f3faa63c5 cc525a113efcb545ee760b9d48285e439a141da9e294ab766a6bcb6d74101315
SERVER_TRAFFIC_SECRET_0 bd37e95418132363d2439083c79ea3582e4e98d539f445399afc6f5f3faa63c5 e1350a62afffd6dbc4146c86701241b438682220d484a1418ca39d7c0b3703c3
EXPORTER_SECRET bd37e95418132363d2439083c79ea3582e4e98d539f445399afc6f5f3faa63c5 a5aa1b065a98aebe7733bcf3c50372bb445ed75c7ff0c0f918e2713ea183c993
CLIENT_RANDOM c70c7c7c8e8b3a904e245920b1cf670696fe286a0858410a500fd0a9fed80ee8 2689365b6a0d591f7ec6017f30226d62c8873ed955e6f43ec49bc07a236def0d5472a9c2a1dae2e9e45d7eb683c5d286
CLIENT_HANDSHAKE_TRAFFIC_SECRET 3f8535c639fa259eb124b148ab3686d9ca08be5606ef2da86ad4d56a0e341988 502c3262f289e93b8589d0a755665bcefceb1b5ee8e76a6afe1128ddd8551fc1
SERVER_HANDSHAKE_TRAFFIC_SECRET 3f8535c639fa259eb124b148ab3686d9ca08be5606ef2da86ad4d56a0e341988 55c03ed966cd7a8f6d76725021d7ad7529d00e93993f0f6c90898a561ae658cd
CLIENT_HANDSHAKE_TRAFFIC_SECRET 6374e1ccd4bb618d337aee256d968a5807237be607ce4375bffbc7321a549e69 0ed343c1c7d15926f5d8eaabab4da6ad46f144a464df707a4522dfee8124e4a3
SERVER_HANDSHAKE_TRAFFIC_SECRET 6374e1ccd4bb618d337aee256d968a5807237be607ce4375bffbc7321a549e69 e0e3f5c3a8d85c65c7b9a6f389359df145df673086eee97de5a3457b352ac0b6
CLIENT_TRAFFIC_SECRET_0 3f8535c639fa259eb124b148ab3686d9ca08be5606ef2da86ad4d56a0e341988 f179a146b6d23b17140d067f4ad280988c00c74459a8469d3bd6e977474b0dbd
SERVER_TRAFFIC_SECRET_0 3f8535c639fa259eb124b148ab3686d9ca08be5606ef2da86ad4d56a0e341988 087285767ee83a7c2b1f90a84fc8d4570755c32be1437a9b047fc6451a3a5ae9
EXPORTER_SECRET 3f8535c639fa259eb124b148ab3686d9ca08be5606ef2da86ad4d56a0e341988 a61845a7b4059818e25a206c3c79122f3faf7b8a322fe6e816f50c977ae1a245
CLIENT_TRAFFIC_SECRET_0 6374e1ccd4bb618d337aee256d968a5807237be607ce4375bffbc7321a549e69 c4cf4e54aa95dbbc661f91bdb15f33d66d59244ca474f802bc4859e2c78bfbff
SERVER_TRAFFIC_SECRET_0 6374e1ccd4bb618d337aee256d968a5807237be607ce4375bffbc7321a549e69 eb4a23cd6f96900cf4b1226081ece62d4dac562232d784bf1f4535946a24536c
EXPORTER_SECRET 6374e1ccd4bb618d337aee256d968a5807237be607ce4375bffbc7321a549e69 b841bdc19d46c35de8bed0238f8ae6a7478b2ad5a2d1db0d29cdb24c64f63fee
CLIENT_HANDSHAKE_TRAFFIC_SECRET bf23db9561c446c3085f00e4fd33f16989e0c59586d2218b185f24721338d7b4 59bffe4d873547e1cb9f9186c827063c66f1f51073ba22d82dcfebb472add820
SERVER_HANDSHAKE_TRAFFIC_SECRET bf23db9561c446c3085f00e4fd33f16989e0c59586d2218b185f24721338d7b4 e15bd68348026b3c865f3fe77a756f250f6bd5a9987333eaa61a7c068be80d9c
CLIENT_HANDSHAKE_TRAFFIC_SECRET 403c5eef24d9f9af22bd209cddc183ef141f2abafe413bbf5729c58237838042 146ffe151bd64597ac5492450039895c9f9f0e10bfe62bf70fcd2cf379f7a660
SERVER_HANDSHAKE_TRAFFIC_SECRET 403c5eef24d9f9af22bd209cddc183ef141f2abafe413bbf5729c58237838042 abfd2c3dda214899d047e6b75475709fdc77a2c945bc1028920fc8c328decd72
CLIENT_TRAFFIC_SECRET_0 403c5eef24d9f9af22bd209cddc183ef141f2abafe413bbf5729c58237838042 b028d0bfa46f4445ce82916803de1ee0fde38d97a20c33f4214a5ad2983d8156
SERVER_TRAFFIC_SECRET_0 403c5eef24d9f9af22bd209cddc183ef141f2abafe413bbf5729c58237838042 e15561e7cec65a9850c93c3b163cde4c49661abca8c4cd92fb5d11e9e7344ea5
EXPORTER_SECRET 403c5eef24d9f9af22bd209cddc183ef141f2abafe413bbf5729c58237838042 e8a7db6ccd0a906d0b2b9f94d648db65c4f6dbc680ee1b056aa2a454271516c3
CLIENT_TRAFFIC_SECRET_0 bf23db9561c446c3085f00e4fd33f16989e0c59586d2218b185f24721338d7b4 1a803dbcc786ad1c5e55074f4c5e215d1eb6f9f52b73302537f03b3e23a7a51b
SERVER_TRAFFIC_SECRET_0 bf23db9561c446c3085f00e4fd33f16989e0c59586d2218b185f24721338d7b4 c4eed2031cd24eccc82434f13cf4dafdf5b6d63cddcc179baa9a9697f460aaa6
EXPORTER_SECRET bf23db9561c446c3085f00e4fd33f16989e0c59586d2218b185f24721338d7b4 e5978e0fcdbd95cad7eea6450e42bb150ff7ed5f5f030aa1ddd2070060312154
CLIENT_HANDSHAKE_TRAFFIC_SECRET bea5c6f4a270ac5da5b0e467d7ce57358833e98dabfd6376efd140e441580caa 85d3e7df8b12be561ade86c96284705865afc7b981686311fff731b5ed4daada
SERVER_HANDSHAKE_TRAFFIC_SECRET bea5c6f4a270ac5da5b0e467d7ce57358833e98dabfd6376efd140e441580caa 6f5db9206f4eee841a1837418db33a9446772991db8416f26156be7696672883
CLIENT_TRAFFIC_SECRET_0 bea5c6f4a270ac5da5b0e467d7ce57358833e98dabfd6376efd140e441580caa fbba9fbc228a38f28d0f259aee1f1a0d355cf9bf37babf56b707f3338adda82b
SERVER_TRAFFIC_SECRET_0 bea5c6f4a270ac5da5b0e467d7ce57358833e98dabfd6376efd140e441580caa 0bef7fc3d077e5e92078614baca9dca9300f47cc11cd8240ca9f028293542dbf
EXPORTER_SECRET bea5c6f4a270ac5da5b0e467d7ce57358833e98dabfd6376efd140e441580caa 51c493e3fbfb65cab8f3cb695708a7a40f6e402538914bc94a1e62cd79f448da
CLIENT_RANDOM 6fa5e450d971ad9e4bfdecc1e80d4a245d3f51d6489dfe97e672747540b4dc4f 707aa0977602b5f99e4438acfb3896def2acfc389e2f0dd3716480ecc56125ff87d9fc635eefe13dc17f8246144a133e
CLIENT_HANDSHAKE_TRAFFIC_SECRET 22cc1d48a7cc206b580a20c99ee788ff2ca5660986c37a6d97f5da95c91de99f 772277124c2a2512b7d9595b3fd6b586fbc54cf05fa1e37947cd60ccb79a02dc
SERVER_HANDSHAKE_TRAFFIC_SECRET 22cc1d48a7cc206b580a20c99ee788ff2ca5660986c37a6d97f5da95c91de99f a6f4c1b3b4e7df0e371ae3d9a76e1d4cbf8d30575d286c9c1d1656dbceaf0b66
CLIENT_TRAFFIC_SECRET_0 22cc1d48a7cc206b580a20c99ee788ff2ca5660986c37a6d97f5da95c91de99f f039fcb53bf38729389f67d153ec862462e11a74b97b905914ad90a6610451a8
SERVER_TRAFFIC_SECRET_0 22cc1d48a7cc206b580a20c99ee788ff2ca5660986c37a6d97f5da95c91de99f 1b5fdb2265808c118be2198f176e8d2ef34a8f0b8f40f149c0dcb47418e0e3ee
EXPORTER_SECRET 22cc1d48a7cc206b580a20c99ee788ff2ca5660986c37a6d97f5da95c91de99f 0df08175f4ea3a1215afd4507ad7f02acc7ba5c7f17124087bbb8b7cdd476b47
CLIENT_HANDSHAKE_TRAFFIC_SECRET d4052c420aba49267c5bb4142e6c8bbd5cfb7788ec219de78de9cbe018d9320e 61815a4c7f860d5f9bf9b89f8c5741181604e5991f1dfe787c4bad4ced10c5eb
SERVER_HANDSHAKE_TRAFFIC_SECRET d4052c420aba49267c5bb4142e6c8bbd5cfb7788ec219de78de9cbe018d9320e ea18500c4332676ae648649db08d31f73a96a9ef2a68b06cbe6f33b2328f66fc
CLIENT_TRAFFIC_SECRET_0 d4052c420aba49267c5bb4142e6c8bbd5cfb7788ec219de78de9cbe018d9320e 9ecfcdc2a4d16c373d1e7a4c5a0781c3add8a6c7bfd75175280e1144a17e5df4
SERVER_TRAFFIC_SECRET_0 d4052c420aba49267c5bb4142e6c8bbd5cfb7788ec219de78de9cbe018d9320e 177f090f2d962f27a1cbb6e84b9a1bbb1fe9204fd28a48c81e7678523603d267
EXPORTER_SECRET d4052c420aba49267c5bb4142e6c8bbd5cfb7788ec219de78de9cbe018d9320e dba5df78a2a219d9c76edb8113fa81ed39a349be2fadb995ba624772d249214a
CLIENT_HANDSHAKE_TRAFFIC_SECRET 41c408e9f5153d46c8c29aecbca76eb9fa5efc0417e943c2d91def85a1a21c30 5bde8dabf0eac0f0690ea983fac7014babe42785e67fb6ff462ea89ad667def1
SERVER_HANDSHAKE_TRAFFIC_SECRET 41c408e9f5153d46c8c29aecbca76eb9fa5efc0417e943c2d91def85a1a21c30 7fabc870f42f9ad4b6baca7ad1b911b7556659008d7e93c070084660b4b759b4
CLIENT_TRAFFIC_SECRET_0 41c408e9f5153d46c8c29aecbca76eb9fa5efc0417e943c2d91def85a1a21c30 1177336962ee26a20fb4b6db8e1cb929a365752908aacfcd8cbc0b9d68094f8f
SERVER_TRAFFIC_SECRET_0 41c408e9f5153d46c8c29aecbca76eb9fa5efc0417e943c2d91def85a1a21c30 24f1d741fdfb177d7358f5d8bfb3c09e82cdd9a5ebfb6e98a08c7cc48d0fc573
EXPORTER_SECRET 41c408e9f5153d46c8c29aecbca76eb9fa5efc0417e943c2d91def85a1a21c30 abaf5149a898aec19bfbe605381c1429b644f5ce1225382a88638b0178847a62
CLIENT_HANDSHAKE_TRAFFIC_SECRET 5e61ebd141b023f37dcfbd9b8f56963160538b730bc71d52e33b686cf7f6d640 3578a743bdac46115928ddfe4974a9da61ba7df43f4343a197d598dd91f2df0f
SERVER_HANDSHAKE_TRAFFIC_SECRET 5e61ebd141b023f37dcfbd9b8f56963160538b730bc71d52e33b686cf7f6d640 9da22609b3f8b347cb6d2216452778df12f1a6d8e042363ca00938ad35c80d54
CLIENT_TRAFFIC_SECRET_0 5e61ebd141b023f37dcfbd9b8f56963160538b730bc71d52e33b686cf7f6d640 f8d730f7c150ae0fbfcccd5fdd3a10ae7fa80304921411fd9d4599cd2b9a0cb9
SERVER_TRAFFIC_SECRET_0 5e61ebd141b023f37dcfbd9b8f56963160538b730bc71d52e33b686cf7f6d640 21d65b9cf09ea223478e7217a040ad7e91881984e448ef5aed6190bedf8b885b
EXPORTER_SECRET 5e61ebd141b023f37dcfbd9b8f56963160538b730bc71d52e33b686cf7f6d640 266793fbc66ad18141500c10a1069ea4330ffc8ca00cf659a9ece7c27e2ae1db
CLIENT_HANDSHAKE_TRAFFIC_SECRET c12949268b88f2c03fadc9f161d476e0c3dc0d2c6b86bd47c186b950b3c7072a c361b5c19978b264a5a05a31478af90a154c6d9ab2814e660ebb8e357efcaa0d
SERVER_HANDSHAKE_TRAFFIC_SECRET c12949268b88f2c03fadc9f161d476e0c3dc0d2c6b86bd47c186b950b3c7072a ed21aa66623bc9f59eff48a42253a3faa948aa06430ea015b74eda9a76632a06
CLIENT_TRAFFIC_SECRET_0 c12949268b88f2c03fadc9f161d476e0c3dc0d2c6b86bd47c186b950b3c7072a 196f5b4715bf7ceb60355c65f2dae570fa29aa9f294b159ce691bae47dce2692
SERVER_TRAFFIC_SECRET_0 c12949268b88f2c03fadc9f161d476e0c3dc0d2c6b86bd47c186b950b3c7072a 113f3529cc5cd7c569cd55a0d73b3ce64b0a4d3c0d8cb8690bce43b39345eac3
EXPORTER_SECRET c12949268b88f2c03fadc9f161d476e0c3dc0d2c6b86bd47c186b950b3c7072a 609ebd987675f910bd8f943cb23b00976113cbe853ace8bcb04e9d6f265b5f33
CLIENT_HANDSHAKE_TRAFFIC_SECRET 5f63c8818c748988ee70a1953945e52c69425d4936a57a15d813bce327ab81b5 fcf46def7e0646f2f1905bcceee469e1549db8195140c7531a7bda2bfbf7d243
SERVER_HANDSHAKE_TRAFFIC_SECRET 5f63c8818c748988ee70a1953945e52c69425d4936a57a15d813bce327ab81b5 15c19d52a98c416149f33f808fda2f4a4408741e20f25ad6d5598844a57088da
CLIENT_TRAFFIC_SECRET_0 5f63c8818c748988ee70a1953945e52c69425d4936a57a15d813bce327ab81b5 c889024aa7d1c42ed2f0d1df3d64d17cd91bc35746a4a9e9eadb0dfec09c6c18
SERVER_TRAFFIC_SECRET_0 5f63c8818c748988ee70a1953945e52c69425d4936a57a15d813bce327ab81b5 b196a2c467ee79d91a0c9a8d84bf2337a68e9a01e0b0288826d5644d148d5d16
EXPORTER_SECRET 5f63c8818c748988ee70a1953945e52c69425d4936a57a15d813bce327ab81b5 2eabc7aad58a93551b513eb50e8cc21290a172fca8d013203165b95a6262154b
CLIENT_HANDSHAKE_TRAFFIC_SECRET 993920cd34f79156237f810c9f54d84ea2bfe88e20ee77fe8f06363849d7afa9 f8c792db3cbe887737a368835eb8ff6ec6fa577f07dbae8939b0dcfbb64fc275
SERVER_HANDSHAKE_TRAFFIC_SECRET 993920cd34f79156237f810c9f54d84ea2bfe88e20ee77fe8f06363849d7afa9 79048e1fa868f030c35fe6852866f14b859d0cbf6fa255dbd93d2933a0cf495a
CLIENT_TRAFFIC_SECRET_0 993920cd34f79156237f810c9f54d84ea2bfe88e20ee77fe8f06363849d7afa9 dd6a0681f3d3406b3d572739acbdf3fd606431d0562836ee59e338167df08101
SERVER_TRAFFIC_SECRET_0 993920cd34f79156237f810c9f54d84ea2bfe88e20ee77fe8f06363849d7afa9 d14960c47e05009401fcf5824afbb0fc5030ae366f9114b155177b834fce511b
EXPORTER_SECRET 993920cd34f79156237f810c9f54d84ea2bfe88e20ee77fe8f06363849d7afa9 219dcfeec2f4670ddd0dec8ea5c3c7c83c74065d43fa234aab20811a684b7555
CLIENT_HANDSHAKE_TRAFFIC_SECRET 470c662910a98b3a49b1743e36b57f6b60cb64c43b6befb0ef26ed492f2295f9 b25d4578ed171ef57a8c2d7062c7f706222cd93fa785759aaa480ce3568ac0f0
SERVER_HANDSHAKE_TRAFFIC_SECRET 470c662910a98b3a49b1743e36b57f6b60cb64c43b6befb0ef26ed492f2295f9 b2cea75bbbaf8b7100127ff2c7d5af1f9905a9d8d9c24e5e00f48477e177029e
CLIENT_TRAFFIC_SECRET_0 470c662910a98b3a49b1743e36b57f6b60cb64c43b6befb0ef26ed492f2295f9 1add3179a97287a0ab9238304c5db7015dc1b138d2f3839b8aeae01fed6672c4
SERVER_TRAFFIC_SECRET_0 470c662910a98b3a49b1743e36b57f6b60cb64c43b6befb0ef26ed492f2295f9 5c4256e090bfd0d2e1abf93ada6c6c8e96119116e391dfe986423d88ec332156
EXPORTER_SECRET 470c662910a98b3a49b1743e36b57f6b60cb64c43b6befb0ef26ed492f2295f9 ae0b9d3379e8e535a855c80563799069b2810489331ee67b1acf54f58d603e69
CLIENT_HANDSHAKE_TRAFFIC_SECRET f321ff9de7db8544a12835dfff0cca5cbe83030cca6bd5ed934dfd48a01332c1 d1285e4853bd7401b2329c07f0959f8dd8e0227f5e50441a84d45177cd1d4476
SERVER_HANDSHAKE_TRAFFIC_SECRET f321ff9de7db8544a12835dfff0cca5cbe83030cca6bd5ed934dfd48a01332c1 8083284636fd5b384ac71924ed1d52783a3b9048e60b240ed8fd0c5506f42896
CLIENT_TRAFFIC_SECRET_0 f321ff9de7db8544a12835dfff0cca5cbe83030cca6bd5ed934dfd48a01332c1 e717af579e6be32ac1f8a5cbfc0b1d97bf3ecb740c8efe8123c1fd6d2601924a
SERVER_TRAFFIC_SECRET_0 f321ff9de7db8544a12835dfff0cca5cbe83030cca6bd5ed934dfd48a01332c1 1c455023e6b7a49e9b44642cd5ef41c2bba787f2afcb13729675d564cf6fc83b
EXPORTER_SECRET f321ff9de7db8544a12835dfff0cca5cbe83030cca6bd5ed934dfd48a01332c1 aef20fdccdfa0ec5b18bbcba13ce71fa900fa696cefe1ac524ac9c66b18839ef
CLIENT_HANDSHAKE_TRAFFIC_SECRET 0942603047b4d9ba4689ec659464deefc70a520c1100ff243f5e75f0452c500e e867d46ae0fbd4dcc069e6d4cea08b2db573b522ee0ddf151143ec63d40cd040
SERVER_HANDSHAKE_TRAFFIC_SECRET 0942603047b4d9ba4689ec659464deefc70a520c1100ff243f5e75f0452c500e 36dec8417d38cb89ea0779d5e5a37aa9f2673aa776355526b2a40e790c457812
CLIENT_TRAFFIC_SECRET_0 0942603047b4d9ba4689ec659464deefc70a520c1100ff243f5e75f0452c500e 34ce616b125b277bfd6ca340451c51f01027d801077883bfb87d0c40971babf6
SERVER_TRAFFIC_SECRET_0 0942603047b4d9ba4689ec659464deefc70a520c1100ff243f5e75f0452c500e 90bd73152d6ad7c9d72e6bb4069d95d54a97ffcba1f63a8ce572c34cc536e559
EXPORTER_SECRET 0942603047b4d9ba4689ec659464deefc70a520c1100ff243f5e75f0452c500e 41c6bd1e4e4f015a786527cef5464cc3856132a04bb36fde32b664be30fdb504
CLIENT_HANDSHAKE_TRAFFIC_SECRET 4b7fd2e0cf8b98cc708964cadc458067d4ce764c75b4660fc81289c359eb0e9b 83a8cb2243bb9118c9795aba1fff6650e5411c9ec3efce225208f6063b5af4c3
SERVER_HANDSHAKE_TRAFFIC_SECRET 4b7fd2e0cf8b98cc708964cadc458067d4ce764c75b4660fc81289c359eb0e9b f98de8073a62df1401530e9767624886a097f834950e9895aa8d09a34f9b9650
CLIENT_TRAFFIC_SECRET_0 4b7fd2e0cf8b98cc708964cadc458067d4ce764c75b4660fc81289c359eb0e9b b5307beaa2745a65dfaf05087e811ed9639de17b9b08c5259285e1ed503151b2
SERVER_TRAFFIC_SECRET_0 4b7fd2e0cf8b98cc708964cadc458067d4ce764c75b4660fc81289c359eb0e9b 4329e8d547440e0e22af8bb1aa340da2135ba13e6579d73a0c8495005952e5ed
EXPORTER_SECRET 4b7fd2e0cf8b98cc708964cadc458067d4ce764c75b4660fc81289c359eb0e9b 48d91bc32639988be2caa8355421f03eaf26f74bffff6ea3ec858422d8583c9a
CLIENT_HANDSHAKE_TRAFFIC_SECRET f85be274554b3ee0a1d6bf28646bf43e80390cb4f4807d2a4fc97e4825a69096 fda09fb1d06fbdbfbb6df3b68d5ca8c31bd176a2200cacba9c39e70fea6f8fbe
SERVER_HANDSHAKE_TRAFFIC_SECRET f85be274554b3ee0a1d6bf28646bf43e80390cb4f4807d2a4fc97e4825a69096 26824ec275305fa073d15189c9ac46ae8e85e7fb365e1010b73a0d56e9cf34ce
CLIENT_TRAFFIC_SECRET_0 f85be274554b3ee0a1d6bf28646bf43e80390cb4f4807d2a4fc97e4825a69096 ad8b846854c50c78486798991345d5ca43cd018a4a7f3054529fb93a976a3e75
SERVER_TRAFFIC_SECRET_0 f85be274554b3ee0a1d6bf28646bf43e80390cb4f4807d2a4fc97e4825a69096 f5e37b864e19178a1b6435c1f49610737cc2b581fb407208deb25511278a3fc5
EXPORTER_SECRET f85be274554b3ee0a1d6bf28646bf43e80390cb4f4807d2a4fc97e4825a69096 16c145f47447297bfa0401b2139842d793673c998212e9012059fd47574bbb38
CLIENT_HANDSHAKE_TRAFFIC_SECRET 240277e61808387fe0cf8ff82071fc68e5339251e7e4aca186765fc660e4d8e2 0036e5bec67fca13d25a94d6026e168a5a1885fb500ae2a1d480aa6e9f19d40c
SERVER_HANDSHAKE_TRAFFIC_SECRET 240277e61808387fe0cf8ff82071fc68e5339251e7e4aca186765fc660e4d8e2 620514a4dc617a43d4726382848bda234ef1308e42c32879dea3d779e78e3fff
CLIENT_TRAFFIC_SECRET_0 240277e61808387fe0cf8ff82071fc68e5339251e7e4aca186765fc660e4d8e2 164a1cde52c896630552a67e776e2c01eabd1a4c0930cd06ad6f9f17dc65b769
SERVER_TRAFFIC_SECRET_0 240277e61808387fe0cf8ff82071fc68e5339251e7e4aca186765fc660e4d8e2 5f2842b921ce5ba73d06ad33e0023cf83473ec26d2155f8bb52abf651e174a1b
EXPORTER_SECRET 240277e61808387fe0cf8ff82071fc68e5339251e7e4aca186765fc660e4d8e2 a3001458283741c396cbea1a1b154b6ce8feffeedcef33216d7ab16fed5e0d42
CLIENT_HANDSHAKE_TRAFFIC_SECRET b6b711cb58c241ea3e01ecf5822148faea2853dea381b8d132d0a86fa5150eb8 710434ff73c853e427cd0df419bc59a6cdd907eebcbb4ae2524f1987f754d405
SERVER_HANDSHAKE_TRAFFIC_SECRET b6b711cb58c241ea3e01ecf5822148faea2853dea381b8d132d0a86fa5150eb8 10269bf87323092babbdb5f2c98e0c4b0a8ad39a9f86a6344860bc5fa206ce9a
CLIENT_TRAFFIC_SECRET_0 b6b711cb58c241ea3e01ecf5822148faea2853dea381b8d132d0a86fa5150eb8 b55b8209bc78fa45122cac81671ce5d77c8b4fd2a40d1984aa59f59d7d6e4f65
SERVER_TRAFFIC_SECRET_0 b6b711cb58c241ea3e01ecf5822148faea2853dea381b8d132d0a86fa5150eb8 c221cffa1201e87f16351fa736a0ce7b27131dddd38db64c2f134ac6acefaa70
EXPORTER_SECRET b6b711cb58c241ea3e01ecf5822148faea2853dea381b8d132d0a86fa5150eb8 2675e8c7f9b63d6938484266d7e3926062d3bcb0aa4a89564b1a22700e40360c
CLIENT_HANDSHAKE_TRAFFIC_SECRET c79810b828d90601476028062a65fe83453cd00a0cf16c8188f01c7be8be1777 1c541139b996c4eb90b84e3b04b494519ede81b6c6d592dadd937ef624671dba
SERVER_HANDSHAKE_TRAFFIC_SECRET c79810b828d90601476028062a65fe83453cd00a0cf16c8188f01c7be8be1777 a9ebbcd8152744c8fef8386fc33a0e1c3bf2b491d46ed1a73733830400679855
CLIENT_TRAFFIC_SECRET_0 c79810b828d90601476028062a65fe83453cd00a0cf16c8188f01c7be8be1777 5f21acf1d63a16d4090caa30a9cfecedc28ad6bc04d2283814dbd6d779c8c777
SERVER_TRAFFIC_SECRET_0 c79810b828d90601476028062a65fe83453cd00a0cf16c8188f01c7be8be1777 0bdec7443833e304a65cb12e55722fd244b0342b0b4a8ec4d0f980a2c75e737f
EXPORTER_SECRET c79810b828d90601476028062a65fe83453cd00a0cf16c8188f01c7be8be1777 f837336dfa755a94c5d07aa87f6c637d885acd931f5bfa0c75fd3f53d6967c2b
CLIENT_HANDSHAKE_TRAFFIC_SECRET 83e94be33e2b6dc9e79c024651af5017b636873a0663e5ae3441bdd1de559d6b 9befc0b734a0f6f52229e07f4960c913ce69500a30ef44f3054a6787f0db05bf
SERVER_HANDSHAKE_TRAFFIC_SECRET 83e94be33e2b6dc9e79c024651af5017b636873a0663e5ae3441bdd1de559d6b 24fa1683bfdd0f23f89a8a00d278641395914ba40451a406db281538984c8446
CLIENT_TRAFFIC_SECRET_0 83e94be33e2b6dc9e79c024651af5017b636873a0663e5ae3441bdd1de559d6b 64b8b7b017e1c13bae312343cf7f6c72e5498513cce5d5d6cfd71440a2f27df1
SERVER_TRAFFIC_SECRET_0 83e94be33e2b6dc9e79c024651af5017b636873a0663e5ae3441bdd1de559d6b 05060041f81561c64c2525f4c9e6b6b96b85449260bfe18a28127a3eae919eed
EXPORTER_SECRET 83e94be33e2b6dc9e79c024651af5017b636873a0663e5ae3441bdd1de559d6b bf8deefac278d3f76230f63e283a3d0a0fb445b20537ab030d76029d06f2f561
CLIENT_RANDOM 8631674a3e8366c9692967b151ec08970b433fba1620874ca1cebb0f2434298f ae17ac35d521123a9fb8d27ad9e8b379effc23f6b167e7e4e8ff56118bcb23d87e9100835b0c4fd54608f2f880b819dd
CLIENT_RANDOM 6e936f87a763b08274d1f3ec0416ac5d01ed7fffcd98b189e7d269a53be26e79 964e4e0fb542099864d5eeac463081ac172c33057e6a042975f3093eb6916c7c7cb12fd08e51e00614146103f0e89467
CLIENT_HANDSHAKE_TRAFFIC_SECRET a2c1fa694b3cb93c6718b304167664fa3cb914e2d0dc7eb5f6de9b67145db9b5 21833eae1001e0965d187f3c730f528d2916c337a05a2ac6bd032a97c6ef29b9
SERVER_HANDSHAKE_TRAFFIC_SECRET a2c1fa694b3cb93c6718b304167664fa3cb914e2d0dc7eb5f6de9b67145db9b5 b98f4682b0b53cbb9aeb60b4e56541ca749fd297b86edc46edf65d299a2f3086
CLIENT_HANDSHAKE_TRAFFIC_SECRET cb869a6d6237d4d7c07627c46407f35e78ee32942aa06740a4c3cebdefc1c104 90b6191e60e11c401f5805aa7670592b25c119b175759c592d627cffaade0c12
SERVER_HANDSHAKE_TRAFFIC_SECRET cb869a6d6237d4d7c07627c46407f35e78ee32942aa06740a4c3cebdefc1c104 698c860622fec1bf4bcaf4e2f124d0fa343673b2d047e17f477a61431017a7f6
CLIENT_HANDSHAKE_TRAFFIC_SECRET b4808f308fd747c858477e7ff1093d10f0a8ff2334e8a799b6af9b937e746ef6 5cf8f8be2a7e66ab4eac9d9b562871a47bafd540b890c013ad4c66e60181cdb7
SERVER_HANDSHAKE_TRAFFIC_SECRET b4808f308fd747c858477e7ff1093d10f0a8ff2334e8a799b6af9b937e746ef6 771a218b3d421d751e50903623f23a8f4015e405283c2a210f8ba8d0df06aaad
CLIENT_HANDSHAKE_TRAFFIC_SECRET 19997ba852cc6bb9c24ee4a94bb766049cfaba9a7d6a946fe121ccad3392f496 527b75162d26c106817077a9b2c0aa562b50057d2078f9282bb79252d89d1cf5
SERVER_HANDSHAKE_TRAFFIC_SECRET 19997ba852cc6bb9c24ee4a94bb766049cfaba9a7d6a946fe121ccad3392f496 30c4cb2a683bb4d5b98fc2de1c877f1e207256d825ed438bdcf893db2993eee8
CLIENT_TRAFFIC_SECRET_0 cb869a6d6237d4d7c07627c46407f35e78ee32942aa06740a4c3cebdefc1c104 06cf1cfd86c45972ab67d6ec37f72da779f569d1bdfb1d24b75c1b19d86aa649
SERVER_TRAFFIC_SECRET_0 cb869a6d6237d4d7c07627c46407f35e78ee32942aa06740a4c3cebdefc1c104 e04741e416b1910b210b731d6eaf38a5f8df29ae4e47652a0a03261c5cda45bc
EXPORTER_SECRET cb869a6d6237d4d7c07627c46407f35e78ee32942aa06740a4c3cebdefc1c104 640ff654ae45fb936b44fdbde621b4af0147d5b70602914d28a9904ca88e5853
CLIENT_TRAFFIC_SECRET_0 19997ba852cc6bb9c24ee4a94bb766049cfaba9a7d6a946fe121ccad3392f496 689db2154cdb7bf80fecf33fbb95dde9a5c57180a7365d547facd6965109f654
SERVER_TRAFFIC_SECRET_0 19997ba852cc6bb9c24ee4a94bb766049cfaba9a7d6a946fe121ccad3392f496 a01eb559c2f5f08845639b4dad4488c1610762a23c95a81bb5ed3455178deffc
EXPORTER_SECRET 19997ba852cc6bb9c24ee4a94bb766049cfaba9a7d6a946fe121ccad3392f496 2c1db54be0d72d006a0ab4ab0f61cd60f5e57c8f9727606318d31ac3a85aed6d
CLIENT_TRAFFIC_SECRET_0 a2c1fa694b3cb93c6718b304167664fa3cb914e2d0dc7eb5f6de9b67145db9b5 75a2141219a6c00e3737d5e2d5540f83930a7d55c965c2029bfdd4538282e6b8
SERVER_TRAFFIC_SECRET_0 a2c1fa694b3cb93c6718b304167664fa3cb914e2d0dc7eb5f6de9b67145db9b5 cf4f8a0dc809421aedaef69bb794e0adc029501344eb1481cab7f1f745c14726
EXPORTER_SECRET a2c1fa694b3cb93c6718b304167664fa3cb914e2d0dc7eb5f6de9b67145db9b5 a7018f515908af313a462239deced97795c486385bc656281b8aefa01de8cefa
CLIENT_HANDSHAKE_TRAFFIC_SECRET 06809dbccd0a552cc830350ad19dc4647699e9952689a0a56c99de7ec009d0ea 917bc0cbb7b7175dc87f4329843510d4cd76ae8f278ed28cbb51f44096b82c4a
SERVER_HANDSHAKE_TRAFFIC_SECRET 06809dbccd0a552cc830350ad19dc4647699e9952689a0a56c99de7ec009d0ea d06661a5a77e59027ed173279e093101613a65edb8cc8e8c29796afffde1182d
CLIENT_TRAFFIC_SECRET_0 06809dbccd0a552cc830350ad19dc4647699e9952689a0a56c99de7ec009d0ea 4db1b4a3d1aee2a3d387c654d2d7b0d0ca0c408b68213f70a9e1c63cfd8c9549
SERVER_TRAFFIC_SECRET_0 06809dbccd0a552cc830350ad19dc4647699e9952689a0a56c99de7ec009d0ea be6a2a150becc5bd690317fa52413c7c9af48512a4b7269299f826bd67d8b717
EXPORTER_SECRET 06809dbccd0a552cc830350ad19dc4647699e9952689a0a56c99de7ec009d0ea afee565d50611b38776ee1d16cb33072d0f4b039f469f8f74ec9c0d93e9e3dc5
CLIENT_HANDSHAKE_TRAFFIC_SECRET 5a69af3eeef453505706983e5f59e8059c04826b63d1d4e4bc18772456850016 8b16f9df840d99ebe0eb0273cfd08c69890067a22803f404db30a5f74b4a0cfe
SERVER_HANDSHAKE_TRAFFIC_SECRET 5a69af3eeef453505706983e5f59e8059c04826b63d1d4e4bc18772456850016 6d368491f96bc1eb354731b921109268e9c67fecfafd64b2c6986a101c5fc748
CLIENT_TRAFFIC_SECRET_0 5a69af3eeef453505706983e5f59e8059c04826b63d1d4e4bc18772456850016 d599029a3979f43c960e2bd5071492deca0a5a4d68e291f2cb5511870e5c343f
SERVER_TRAFFIC_SECRET_0 5a69af3eeef453505706983e5f59e8059c04826b63d1d4e4bc18772456850016 a4cdab4eab81752cb2c06892f76f0970cd4f061caddd287b82ea3f2a07ddbcb3
EXPORTER_SECRET 5a69af3eeef453505706983e5f59e8059c04826b63d1d4e4bc18772456850016 0993bd4c439ce91d97b08909f5d4cc882e39e22c503f74f263966850acda0f2d
CLIENT_HANDSHAKE_TRAFFIC_SECRET 1791516c71f593a1afa1620373b1a9cd0af49a8aa0cf3f0fb45025a1bf77ac67 1703a86c86b74546f941c1310f01762a07c527aa37107d5d1eb1b502bc5760b4
SERVER_HANDSHAKE_TRAFFIC_SECRET 1791516c71f593a1afa1620373b1a9cd0af49a8aa0cf3f0fb45025a1bf77ac67 41eb6838f4d5dbb70d7b36702a995b48a8649074285bc6970eda2c0575ffa2b3
CLIENT_TRAFFIC_SECRET_0 1791516c71f593a1afa1620373b1a9cd0af49a8aa0cf3f0fb45025a1bf77ac67 e1e661620b2c2a5bc61534c6bfb676629e97a001182f07d0ce6821ee6fd2cc76
SERVER_TRAFFIC_SECRET_0 1791516c71f593a1afa1620373b1a9cd0af49a8aa0cf3f0fb45025a1bf77ac67 1f6a70f20a33a5a9258776663393afffd004776a7e837fa5a2c8c57c3f1a62fc
EXPORTER_SECRET 1791516c71f593a1afa1620373b1a9cd0af49a8aa0cf3f0fb45025a1bf77ac67 d1884101a1365c938ebbc8fb9c5b5f5c7ca02f21b3068cb7230a61be84e0026f
CLIENT_HANDSHAKE_TRAFFIC_SECRET 6cb60466dde6fd111bec84c081c7902ad62aaa3bc807676b7c301622dea28478 204086a2f04ff3469468efbe06de86c73a8b7c68730f63bba6292cf07db7b0d60c18f09e803580b02e107cedfe21e283
SERVER_HANDSHAKE_TRAFFIC_SECRET 6cb60466dde6fd111bec84c081c7902ad62aaa3bc807676b7c301622dea28478 e1f6817dd5e41f3a9d98deb951df370684613994ffaa0e3a5b3ca3a36d1fd8a5d4a3d0ac978cb7f013cc2e2a292400c5
CLIENT_HANDSHAKE_TRAFFIC_SECRET b36c1254aa579d0c69c054ae98d550ab21c6b51a0724ae15a45a9e124fe53709 c033f08e71684ce47e537d65416af05b5c4fa9e1691affe3d086a7420324d5e4
SERVER_HANDSHAKE_TRAFFIC_SECRET b36c1254aa579d0c69c054ae98d550ab21c6b51a0724ae15a45a9e124fe53709 b8ebcdcfe7c029fbed16b6c7341bda6ff60b21e33915856f5647a2b1ef55ae77
CLIENT_TRAFFIC_SECRET_0 b36c1254aa579d0c69c054ae98d550ab21c6b51a0724ae15a45a9e124fe53709 576b3694c6ae57fe639165400a0db44d574f2ec13080f9e8df2248dc93d2ef6e
SERVER_TRAFFIC_SECRET_0 b36c1254aa579d0c69c054ae98d550ab21c6b51a0724ae15a45a9e124fe53709 a3692cadc9de5c659dcc486bcd4877531133ef6f812ebdbad27562d0c2610c78
EXPORTER_SECRET b36c1254aa579d0c69c054ae98d550ab21c6b51a0724ae15a45a9e124fe53709 cb1f88a248f027b300f9de2f38cb348ec44bc75a9e28c5221bf13bac30095995
CLIENT_HANDSHAKE_TRAFFIC_SECRET dfac979fae8d6e18babdd7fe772bd55a7c05a84f84da2e9c305a019bec62d672 eb62fc4e4e8af6784ddc58c27a3593521d6b2e9b5523dc62ef09d74ac3e4109d
SERVER_HANDSHAKE_TRAFFIC_SECRET dfac979fae8d6e18babdd7fe772bd55a7c05a84f84da2e9c305a019bec62d672 d6a90b3b593b32a509212777a1112fdd200ab9098d8ae9eb0c264ebadac010ae
CLIENT_TRAFFIC_SECRET_0 dfac979fae8d6e18babdd7fe772bd55a7c05a84f84da2e9c305a019bec62d672 2fa3eab1f2ab79238991738a69843f23dd351677bb24d0b094bcdf11023d6bbe
SERVER_TRAFFIC_SECRET_0 dfac979fae8d6e18babdd7fe772bd55a7c05a84f84da2e9c305a019bec62d672 fd4b9806bcc5fc64166083cd5bcf013acd97532cf01171ce23792f7596accd5b
EXPORTER_SECRET dfac979fae8d6e18babdd7fe772bd55a7c05a84f84da2e9c305a019bec62d672 7cfac71bfabbe4fa97adca5a4df5dcfe3efd8c0a39d97e3b1981e126725c1b61
CLIENT_HANDSHAKE_TRAFFIC_SECRET 6d83197e73076e9c75a923cbe535f65797d8693586645a5f8586350941ef9b9b 6d16f61ab5279f6efffe618b6ddc95605536ace72aa0c0931969b9d09320f5ab
SERVER_HANDSHAKE_TRAFFIC_SECRET 6d83197e73076e9c75a923cbe535f65797d8693586645a5f8586350941ef9b9b 3cf32b3dfdb70bb3dabc62e8dd7ae18bb3df8831960e2910d5e94fe74aeb2e42
CLIENT_TRAFFIC_SECRET_0 6d83197e73076e9c75a923cbe535f65797d8693586645a5f8586350941ef9b9b 0b145b80b16df3b6ce5fe2a066e4c04522d733cbab563add5543146df7e1e452
SERVER_TRAFFIC_SECRET_0 6d83197e73076e9c75a923cbe535f65797d8693586645a5f8586350941ef9b9b c1ea67e39c3042f07260c9eefca23c2217f16aaa3091f4c403254aa6bc68b724
EXPORTER_SECRET 6d83197e73076e9c75a923cbe535f65797d8693586645a5f8586350941ef9b9b 44faf6d60e660dde87d4b59600b43cc5e6e217c0b0ede3e2f19d9142c0406baf
CLIENT_HANDSHAKE_TRAFFIC_SECRET 2832fb6e001a872f7297e2364fbccc3b8d784942f9c690e324642095efd3e386 8b2bc616786e96085895617d87d873c09ba4d3065ab8b5dba38bc0416aef62ade7ee8a5b5832b7f4c1f653751908a1d8
SERVER_HANDSHAKE_TRAFFIC_SECRET 2832fb6e001a872f7297e2364fbccc3b8d784942f9c690e324642095efd3e386 1c620f4808a9dd62761e1ced39bca8df12101c57d35886a6a1b98016a007b4f05e79e7ca95c2df425960eb6b94784fe6
CLIENT_TRAFFIC_SECRET_0 2832fb6e001a872f7297e2364fbccc3b8d784942f9c690e324642095efd3e386 eea2c8c87ee53b99d64c08331fb8630f4082b81f438fbbc6e7510e88b5567f0ec5c077518da0bccb97061929c047e4ba
SERVER_TRAFFIC_SECRET_0 2832fb6e001a872f7297e2364fbccc3b8d784942f9c690e324642095efd3e386 9dd6cb52c8c7fb47c3559fb65bf2359e9aae6448dbb8322cc6d8fb26db0b64e844697eac6ad56ae1d42655d7e010e287
EXPORTER_SECRET 2832fb6e001a872f7297e2364fbccc3b8d784942f9c690e324642095efd3e386 5646bb85e125850ed863e17f597386a63c8a745fe16169031d5816ff0328f188d6e6e944ff1e967f4b7a1fad617103c4
CLIENT_EARLY_TRAFFIC_SECRET f511fb8b40639b2b679f5c9d29d23b065896fdab6eb6164eb47914d18cc11ba8 6d0e99b625bfdba8df805b9c2a2bbc50eae1dbaa733ed6a7b2c12ad58482137e
EARLY_EXPORTER_SECRET f511fb8b40639b2b679f5c9d29d23b065896fdab6eb6164eb47914d18cc11ba8 6dfa85d1c6d6f0fadee3acc4bcae530685f0d2b7a262fd596b7fe7c6f33c20e8
CLIENT_HANDSHAKE_TRAFFIC_SECRET f511fb8b40639b2b679f5c9d29d23b065896fdab6eb6164eb47914d18cc11ba8 91c31293bccb18ea6b6f72b8cea8dd6d0972f58c361af69be39f8afa948586c2
SERVER_HANDSHAKE_TRAFFIC_SECRET f511fb8b40639b2b679f5c9d29d23b065896fdab6eb6164eb47914d18cc11ba8 e8a889f2a44831a8958a1723483423fe860e2b73b59ab2d1ea2513daa3a317c0
CLIENT_TRAFFIC_SECRET_0 f511fb8b40639b2b679f5c9d29d23b065896fdab6eb6164eb47914d18cc11ba8 5b9251a594a0e8483ef56b598480175d6f176746dc2ce5680f11faecdcf9aaf9
SERVER_TRAFFIC_SECRET_0 f511fb8b40639b2b679f5c9d29d23b065896fdab6eb6164eb47914d18cc11ba8 bb076852305f002c860ff30ec762eda6c23bc6ba4077c7da42b0eb909b383ee6
EXPORTER_SECRET f511fb8b40639b2b679f5c9d29d23b065896fdab6eb6164eb47914d18cc11ba8 f81234e2b75902f640e79acc98a8c311af0c34589510dd913cb5c450c052f71b
CLIENT_HANDSHAKE_TRAFFIC_SECRET 61ca3155723330e3f8185cc100814e1ff8a0d0efab24f3a723a6675bc2a8792a a3446fa3af976965c264f10072ad4175fa58a5c117be0011fd102151ea7dfdefc0b33cd30959605448adfde9abc1577b
SERVER_HANDSHAKE_TRAFFIC_SECRET 61ca3155723330e3f8185cc100814e1ff8a0d0efab24f3a723a6675bc2a8792a d2bce3392177597c396a38a08332e402728ef80857f5e2932d4d569b84ea7d9dfd5e154b91174e0d0602ae79ece9d064
CLIENT_HANDSHAKE_TRAFFIC_SECRET 027b7815d0ea88cbd3f502c57513f4a8f08f181f6ebb8db415e3cf34c089ab85 25e98a96e4f332a21a48908e628983387a087badcc963c8b973c0e795fcc0efb072c71df6dc75d2da290733ea5e702ef
SERVER_HANDSHAKE_TRAFFIC_SECRET 027b7815d0ea88cbd3f502c57513f4a8f08f181f6ebb8db415e3cf34c089ab85 d29b4a6ef69013d0df0a244efcdbe0121f1111ab602aad0eaa06e3ff3a5029c850d171af3af2b53347cbfa35016653ac
CLIENT_TRAFFIC_SECRET_0 027b7815d0ea88cbd3f502c57513f4a8f08f181f6ebb8db415e3cf34c089ab85 fed20bb245fb3b1f5c00ebcf6e7856e18de12ee2cd2ae60d21cb7362678f32797e71b062da1b09786149ca2f8cc2ed12
SERVER_TRAFFIC_SECRET_0 027b7815d0ea88cbd3f502c57513f4a8f08f181f6ebb8db415e3cf34c089ab85 c72df9244f925699a1ae70add3b429dc339247fd0a518f2ede4bc478b9af2e9fe715f96b3ff7ed8e9047d45a91d0faad
EXPORTER_SECRET 027b7815d0ea88cbd3f502c57513f4a8f08f181f6ebb8db415e3cf34c089ab85 4df67a4fa06b7e41ff7f6223afa2dc9058997787749ae0184a3749b0db293858e20daaf176e9e562d897ff04f80d717c
CLIENT_HANDSHAKE_TRAFFIC_SECRET b5a3c03f4a88545ecc2aaffe1bcadcd43ece2c399aab991d2fc56347f368efc8 49915381aef1b4e49771073207457df2b5741cb9bfb1803736dbef957ef4f122c41e7009311847dfa1264b27c1986212
SERVER_HANDSHAKE_TRAFFIC_SECRET b5a3c03f4a88545ecc2aaffe1bcadcd43ece2c399aab991d2fc56347f368efc8 28c3b72c8d234bed1f1b6de44c244ac6b0bdf4ce76f0dd9ad833574b0abad11327c1ae5e62e9c59e8c18d6218c0b1787
CLIENT_TRAFFIC_SECRET_0 b5a3c03f4a88545ecc2aaffe1bcadcd43ece2c399aab991d2fc56347f368efc8 f7ca787be2f318d3846bf0a3b930c7c8a89311e814db4c3e552348042b006fce82b1ecbe231398d4b0b0a2fed590ff21
SERVER_TRAFFIC_SECRET_0 b5a3c03f4a88545ecc2aaffe1bcadcd43ece2c399aab991d2fc56347f368efc8 8cd21bc05a1c3cabf180ab67a4159e8a78ed90b0c044e4e213d8a821d09b1982bcd1552d11848138dd045d55a183ea3a
EXPORTER_SECRET b5a3c03f4a88545ecc2aaffe1bcadcd43ece2c399aab991d2fc56347f368efc8 248398be63d37c12c60bacae58b13fad401ca39da67bab069ba277044b09c53057580ea6780dcc5ba5f4a339714a598b
CLIENT_HANDSHAKE_TRAFFIC_SECRET ec9bf73e70a1e2d8b454319a67282f9d4f2f87a0392ae6ef2842584755b700e9 82948e4646c1609aa21ace1db59e1f351252fd0f9387c2114c499fe696d8221549277e9a831f7112e8e532aff87db76e
SERVER_HANDSHAKE_TRAFFIC_SECRET ec9bf73e70a1e2d8b454319a67282f9d4f2f87a0392ae6ef2842584755b700e9 d7d1521c6ebf80745b578bcde37b6c619974c5d6e0e5018c222c19d1991aeba34589c8bd82b96c90d84aa84667671141
CLIENT_TRAFFIC_SECRET_0 ec9bf73e70a1e2d8b454319a67282f9d4f2f87a0392ae6ef2842584755b700e9 f19039292e18851fb2295271b3c2b71775314d847e767aa5124831a42a6e18d66f78444771966bac61e15d42b5a1cc48
SERVER_TRAFFIC_SECRET_0 ec9bf73e70a1e2d8b454319a67282f9d4f2f87a0392ae6ef2842584755b700e9 215677d9b4fa10886955aa92ddfc473105d11eacd6497815e1973ed39d53215c9384229973673ec57adb53ae46516302
EXPORTER_SECRET ec9bf73e70a1e2d8b454319a67282f9d4f2f87a0392ae6ef2842584755b700e9 525724735ae3258fabb86df77a7ad9c3e84f1e028b06d668eb424d6aea25d72c56a383b94ec3a1e5dccfc5935ba27edb
CLIENT_HANDSHAKE_TRAFFIC_SECRET c8c257f08040d1d769c7ffa096fc221f5e02aafbf53f17aa8fb8f882cb831793 5226618e4b40edc9a6ddf02bcc8dfe307c78c7214df6b4fc58e5c1ea2177eea8
SERVER_HANDSHAKE_TRAFFIC_SECRET c8c257f08040d1d769c7ffa096fc221f5e02aafbf53f17aa8fb8f882cb831793 75f90a41a130b3a64e957c6231867e773c3fd438bef6db453364ef4b71e71552
CLIENT_HANDSHAKE_TRAFFIC_SECRET cfa49567a3aa642c7f5cdb5adc933188b5387b0151811087f847b8da55cad1c2 719cd863e1de8b0cbaf5b6ba8b6e79822d014dcbb25aff0b67fc1568cb63afbe
SERVER_HANDSHAKE_TRAFFIC_SECRET cfa49567a3aa642c7f5cdb5adc933188b5387b0151811087f847b8da55cad1c2 6239ec1526d2f5d922331f786d271044aebb4d34838815dbfdda50f69f8ecc05
CLIENT_TRAFFIC_SECRET_0 cfa49567a3aa642c7f5cdb5adc933188b5387b0151811087f847b8da55cad1c2 cc1da24459b81c35b078c2d74482253a8cfffd5df92b3ed11bd5cada4fe46a45
SERVER_TRAFFIC_SECRET_0 cfa49567a3aa642c7f5cdb5adc933188b5387b0151811087f847b8da55cad1c2 6416655c5e9563c171b790a6e379a498b109448da72d3677ea105e79dc5e0726
EXPORTER_SECRET cfa49567a3aa642c7f5cdb5adc933188b5387b0151811087f847b8da55cad1c2 d557af0a504e8506709d80c1213ffe1e25004200a47b0943d50a72cc35cf6445
CLIENT_TRAFFIC_SECRET_0 c8c257f08040d1d769c7ffa096fc221f5e02aafbf53f17aa8fb8f882cb831793 3a1985e1369116303472d2e064091a9ed03aedce826824c0b9b9ddb481fea7ec
SERVER_TRAFFIC_SECRET_0 c8c257f08040d1d769c7ffa096fc221f5e02aafbf53f17aa8fb8f882cb831793 168097cdcaabea14f43cad5076fffb2b70a61781947ca34c579759ef0904471e
EXPORTER_SECRET c8c257f08040d1d769c7ffa096fc221f5e02aafbf53f17aa8fb8f882cb831793 2f0fd533b732a7027e54addd40d1da2be4d958731300bc58365a39c59542a67a
CLIENT_HANDSHAKE_TRAFFIC_SECRET 2bd15869e47d7fa82a5649a2d224f7c46f5667aa31209a37630d57b7f1c49eae 7dd2998ea14ac7d57477cba14012e024ed73242a1ae9a169a3086ebb9c46c5ed
SERVER_HANDSHAKE_TRAFFIC_SECRET 2bd15869e47d7fa82a5649a2d224f7c46f5667aa31209a37630d57b7f1c49eae 4c1609707e00c96261cefcadb7ef49104297ecdf05dbb8b2c7fbf9127c2cba3b
CLIENT_TRAFFIC_SECRET_0 2bd15869e47d7fa82a5649a2d224f7c46f5667aa31209a37630d57b7f1c49eae 174f355088f78c111cce73502d73e5b603ee2c3905bdc76838cd0c0d40bcc028
SERVER_TRAFFIC_SECRET_0 2bd15869e47d7fa82a5649a2d224f7c46f5667aa31209a37630d57b7f1c49eae d865ace0b922b2bafcd3ed21cb44ff479b7faee28812a423c471eeb26e4b76d8
EXPORTER_SECRET 2bd15869e47d7fa82a5649a2d224f7c46f5667aa31209a37630d57b7f1c49eae ffbc1063a9e95974db285505c7acc7dee243a58416a5d383fe4e1cf3d2143043
CLIENT_HANDSHAKE_TRAFFIC_SECRET 9c92eba9bea1d8f2b281aae7e9fbe2190511f9377e67039f84e687cd38b8497f dfd143e6a69f28d4ae01310871c0860cf3db2d10087a3ca0e27d78c28e2932af
SERVER_HANDSHAKE_TRAFFIC_SECRET 9c92eba9bea1d8f2b281aae7e9fbe2190511f9377e67039f84e687cd38b8497f 0914d8cc3389bed0657cefa1904907b7e0c525bf8ad82a875e4f572a5c5cdb8d
CLIENT_TRAFFIC_SECRET_0 9c92eba9bea1d8f2b281aae7e9fbe2190511f9377e67039f84e687cd38b8497f e5d0e0b6294c940ce339faebe00a2f5e604458bf9b1914c94e5dcdb05ae79e41
SERVER_TRAFFIC_SECRET_0 9c92eba9bea1d8f2b281aae7e9fbe2190511f9377e67039f84e687cd38b8497f dc0befd3eecde984ecb5d8d36c28bca63ee2d657babd92da0cbe92b927bb0b39
EXPORTER_SECRET 9c92eba9bea1d8f2b281aae7e9fbe2190511f9377e67039f84e687cd38b8497f dda2f69b75d65e2eacae49141509bf198b4ea10dfa80aa146452404e717e28dc
CLIENT_HANDSHAKE_TRAFFIC_SECRET 92d837327975ecb15fc990935e8c64c713f849d86603076652e2953b6c8a91fc 52b049b3adfd0bb433f946eb3286ec5f87ae851a3c43743c02f50d6c749a65b1
SERVER_HANDSHAKE_TRAFFIC_SECRET 92d837327975ecb15fc990935e8c64c713f849d86603076652e2953b6c8a91fc a20aa22d3d42fc27db6421a885c7f14e43c5455c01c16e9e035245c0b66728f3
CLIENT_TRAFFIC_SECRET_0 92d837327975ecb15fc990935e8c64c713f849d86603076652e2953b6c8a91fc b5999112c9e3b2343889e18c4d4bbd45198b6052d4b86c28c857d38ca8c57025
SERVER_TRAFFIC_SECRET_0 92d837327975ecb15fc990935e8c64c713f849d86603076652e2953b6c8a91fc ca6f12f5f2ddd67879976469f68ce3ad8a1af953e256722cd7208032b81fddb9
EXPORTER_SECRET 92d837327975ecb15fc990935e8c64c713f849d86603076652e2953b6c8a91fc 94f670ace0d3276f2cbab9a09d24bca6722097d336d27eb63f4ab562e4048498
CLIENT_HANDSHAKE_TRAFFIC_SECRET 9da5b0318397c8be4d37a88dd6368e6667d47d0bcb1b9f6ca08b4f9292a74400 6bd17afc1ec0d02534001750c946f09b2a22740c8fe7b0358fc062b7ca734768
SERVER_HANDSHAKE_TRAFFIC_SECRET 9da5b0318397c8be4d37a88dd6368e6667d47d0bcb1b9f6ca08b4f9292a74400 a9c3952cb63715f224d38b881ca7a02743caab4ac43fb4d40a0f836dd422ad70
CLIENT_TRAFFIC_SECRET_0 9da5b0318397c8be4d37a88dd6368e6667d47d0bcb1b9f6ca08b4f9292a74400 2779ba1478eb6716e5faa14297226fde7f39fc2f8a9f853552753fdf14cc5620
SERVER_TRAFFIC_SECRET_0 9da5b0318397c8be4d37a88dd6368e6667d47d0bcb1b9f6ca08b4f9292a74400 9b976398e6b0675c16ff519d350a6235ed18d567333d4df04485446e3f5c9356
EXPORTER_SECRET 9da5b0318397c8be4d37a88dd6368e6667d47d0bcb1b9f6ca08b4f9292a74400 0fc4c02ed4f9f9fb30b16860c1865034d2eedce075934bb477612961eaab30e5
CLIENT_HANDSHAKE_TRAFFIC_SECRET a82b34abb511a84d3d889d696a4d0fd1425514d4541cbe87cfc4b2fcaf9d47e4 d528d9b78fd8a304106c540d0ac22d06a5067ee44b22595a5e66ee610f91ceab40fb89efa9bcb7b728b2a3231dd0608a
SERVER_HANDSHAKE_TRAFFIC_SECRET a82b34abb511a84d3d889d696a4d0fd1425514d4541cbe87cfc4b2fcaf9d47e4 ab27b2b92d53a82e0ccd8f47b9b47214371de9228e44943a8d8c7b0bbfc1f7d7c7752df0d2cc52d1a1df275228ddbf94
CLIENT_TRAFFIC_SECRET_0 a82b34abb511a84d3d889d696a4d0fd1425514d4541cbe87cfc4b2fcaf9d47e4 81efeba6309142b9bd197939d3a28b8d4dd39bc1b4cd8d728b52c9e678ffb86209bc73663424cc9ccc16ae2fd7c10931
SERVER_TRAFFIC_SECRET_0 a82b34abb511a84d3d889d696a4d0fd1425514d4541cbe87cfc4b2fcaf9d47e4 f76734ce8909ab3e6a9ff0664c619670142bda15de8564a6cc7628d26186ecdcbfade70c44c5835cce94c4043417d2ac
EXPORTER_SECRET a82b34abb511a84d3d889d696a4d0fd1425514d4541cbe87cfc4b2fcaf9d47e4 8bc6be3ea3d93230bf08dc5808497cf17c396ba294b4985e7ca4508478b770181b55ee790061b0a22b042827a37b5940
CLIENT_HANDSHAKE_TRAFFIC_SECRET e38994a28513d1925f81b7fca77220f28420826f1978c9fade6c7e4abf2ca629 9b52db48dd9852cf55aa7b3ed1c42c22fb59f52749994eced5f93ce5e99b106907f32c8c506593664eed98b97ec49a28
SERVER_HANDSHAKE_TRAFFIC_SECRET e38994a28513d1925f81b7fca77220f28420826f1978c9fade6c7e4abf2ca629 cd95cdace1fc0dfb593baf5857ef9d116ad6fd76d06ca62504f99d93ad6eac60c082e987187c1a59c38496509e7c84cc
CLIENT_TRAFFIC_SECRET_0 e38994a28513d1925f81b7fca77220f28420826f1978c9fade6c7e4abf2ca629 563972f7bd8fc80e5805bc8cf0564f6695118c71f021047c14e2574df1119f49955a9abbf14ed6f38a63e281f64863ab
SERVER_TRAFFIC_SECRET_0 e38994a28513d1925f81b7fca77220f28420826f1978c9fade6c7e4abf2ca629 e4406c61f99f3f77aaa657f043acf3188b16b1061b7827eaa16609f8a935db0aee51d014575433df9285075e349b39ff
EXPORTER_SECRET e38994a28513d1925f81b7fca77220f28420826f1978c9fade6c7e4abf2ca629 02feb387a2349d2a40ca30bc1f45091add958bc7b060e220b55d6a21070dee6cadae25378e9babab062db534b0e8a25a
CLIENT_HANDSHAKE_TRAFFIC_SECRET 7cc9172c31e08deb55cd34d9a2b988f5623e4dbab0bff7dd58994bb8e09c26a2 de7c12c3388cbcbc37ad28682d11c6ce0b825254ffc2db9239d4da50de59c41a
SERVER_HANDSHAKE_TRAFFIC_SECRET 7cc9172c31e08deb55cd34d9a2b988f5623e4dbab0bff7dd58994bb8e09c26a2 5139fbe1361084001646c0374baa930cc24a62bc6543aa9bdf416e26ca6bda86
CLIENT_TRAFFIC_SECRET_0 7cc9172c31e08deb55cd34d9a2b988f5623e4dbab0bff7dd58994bb8e09c26a2 aaaf988bed026ec71f4221477570605464ad1842d56a79be2b57ac6ce165960e
SERVER_TRAFFIC_SECRET_0 7cc9172c31e08deb55cd34d9a2b988f5623e4dbab0bff7dd58994bb8e09c26a2 459c4d77e7e3e4ea6961bee4bdf621024499a0baf49839636105070d217cc13c
EXPORTER_SECRET 7cc9172c31e08deb55cd34d9a2b988f5623e4dbab0bff7dd58994bb8e09c26a2 758651964f1c2c5a67b37fa7cfcf8443c43bdeb3ba61313c764e8ac84b5cee0c
CLIENT_HANDSHAKE_TRAFFIC_SECRET 8f928191fe4892ff4935728079ce437320f3e973a02ad33e8f4e410e83d4d95f b4ce0ce64a3ce0e9e22b5a19a8cd313ba8192eb650476469a5767cdd7a9ab4af
SERVER_HANDSHAKE_TRAFFIC_SECRET 8f928191fe4892ff4935728079ce437320f3e973a02ad33e8f4e410e83d4d95f 0f110f8d0a0cb65a694456feb10766c65d4bb0c2af91a218399e8052602c9740
CLIENT_TRAFFIC_SECRET_0 8f928191fe4892ff4935728079ce437320f3e973a02ad33e8f4e410e83d4d95f 482ae33dc3459051fb74c0943f846767338712c757f54a82b4a9e9da5a0ddba0
SERVER_TRAFFIC_SECRET_0 8f928191fe4892ff4935728079ce437320f3e973a02ad33e8f4e410e83d4d95f 08d70927daa296aab3695990deacca2378dedf1aea31921a05c441e45fbdeefe
EXPORTER_SECRET 8f928191fe4892ff4935728079ce437320f3e973a02ad33e8f4e410e83d4d95f c2f46e7a054aad4fc0b62e08e02f40180e7788ccb9dd3437ff9f8523be2d168b
CLIENT_HANDSHAKE_TRAFFIC_SECRET 12c1aa92d2f711fad590fed93bd59f4a1ee20c1e8729430d1aa8838dd5bebf2e 9a560b81357b56f93d85f6def695db6ac46c133b421ca522d68dad8ca382005cfda83f6862e1940df2ff98836ceec850
SERVER_HANDSHAKE_TRAFFIC_SECRET 12c1aa92d2f711fad590fed93bd59f4a1ee20c1e8729430d1aa8838dd5bebf2e 675b05a309fd6d2782ac15921afa4582c4147b2ae5e186709c6500e43f31cbc3fd2b6e5c1d13594bb0fdf80216c84c7f
CLIENT_TRAFFIC_SECRET_0 12c1aa92d2f711fad590fed93bd59f4a1ee20c1e8729430d1aa8838dd5bebf2e c539526cf4524c936b3cd958b77adba96d7838acdf296222ec2f68a5d606d1a0acd6fc31764977d7a5e50a3c3761b482
SERVER_TRAFFIC_SECRET_0 12c1aa92d2f711fad590fed93bd59f4a1ee20c1e8729430d1aa8838dd5bebf2e 69901c38e6adb71aa53187f2319be17aeb92511d3ca687996359affecbd2ab1dc5b62c5b097329b915ba0dae3386e606
EXPORTER_SECRET 12c1aa92d2f711fad590fed93bd59f4a1ee20c1e8729430d1aa8838dd5bebf2e 8ac14d132d02a0037aca872831a16261fa0b6f9d8b2b8cf6a6ee2c219e579b42ae6aae1124cd8aab7b95d6d3ba65be4f
SERVER_HANDSHAKE_TRAFFIC_SECRET d89f65d21777700abc992cc791fda94c0eafeef7c90bf2441bb726583b7fbaa4 abc5ace573ec23c1fa93c5718590c2e3b0fbed478e5f94839d4714f917a108b9dbbbfc39d5f7f706214a5fe4a9516482
EXPORTER_SECRET d89f65d21777700abc992cc791fda94c0eafeef7c90bf2441bb726583b7fbaa4 93b7470002c764ed12c1ad1dc3eea4aded045d5d672765757d941b48b3fa1dabdf797cf772f0cd9d2f3ba02da021b4cd
SERVER_TRAFFIC_SECRET_0 d89f65d21777700abc992cc791fda94c0eafeef7c90bf2441bb726583b7fbaa4 406179b17deeafbecc827e4a8b1bd3e99e43a319b3411f403eac4251a09538d00289671b2a9063fef1df98443f55b473
CLIENT_HANDSHAKE_TRAFFIC_SECRET d89f65d21777700abc992cc791fda94c0eafeef7c90bf2441bb726583b7fbaa4 9de7aa46b85a0c41c1a77e2ed67e5e90ac9010ee4fad6794e7b65a1695a938c3531ea1d3299cdf5010edfe1933096cfa
CLIENT_TRAFFIC_SECRET_0 d89f65d21777700abc992cc791fda94c0eafeef7c90bf2441bb726583b7fbaa4 48b470364f700f13da7ce7fef210727490e4394a1220bc029646c0edacacc4fa99b3eba7fb1605a328d0b8d0fe2047e8
SERVER_HANDSHAKE_TRAFFIC_SECRET 26ca2133f49d0760daeb346c5037a90221a79ab78d3cd68b847e7d18659bcca5 06dbddfb5b85a485efa8c1455f041f7c90795b8db94e4ab055f1680f92e7014d3b56cecb36b998d335a63d585332b05b
EXPORTER_SECRET 26ca2133f49d0760daeb346c5037a90221a79ab78d3cd68b847e7d18659bcca5 d315fee6f1ea4d5e3938b0d2c3d8a39788855c3881c384598a2ff45572af35d5b3550b6685f37d66274112fbf189ff8a
SERVER_TRAFFIC_SECRET_0 26ca2133f49d0760daeb346c5037a90221a79ab78d3cd68b847e7d18659bcca5 4cc3b97e689ab10688fd7b44c018a53b2daba60da9a999b5c8b5411352db14ccab4d96490d937933a39c121b8aeb0944
CLIENT_HANDSHAKE_TRAFFIC_SECRET 26ca2133f49d0760daeb346c5037a90221a79ab78d3cd68b847e7d18659bcca5 287f988f0c311b5b82e559f2348cc236b8518578dd40d1155756cfbc0a9bc597d9c478c72a89492d646076499a6737bb
CLIENT_TRAFFIC_SECRET_0 26ca2133f49d0760daeb346c5037a90221a79ab78d3cd68b847e7d18659bcca5 08013e4bcee745f970e70a5876e6b1559fe8a7255f8dd76fd362aa671969ab622ea28f8e37b7f692f3fb7cb927a9ec8b
SERVER_HANDSHAKE_TRAFFIC_SECRET a27dc2f9891d08f3f26309a202cb8c7a451da5b1350cf21db8322c33b0f749e4 5bc2378aa7329506b75ae285b1968e0d90c219af39cd152b18b8bd57e919c38eb514470d5225fbb0052d59c6d7914daf
EXPORTER_SECRET a27dc2f9891d08f3f26309a202cb8c7a451da5b1350cf21db8322c33b0f749e4 dd17eface0fbc343b084b8989939313de319dbdc59a2325fe869a11eeac77ec60d09c76b04f57b140c52275e29aeb48f
SERVER_TRAFFIC_SECRET_0 a27dc2f9891d08f3f26309a202cb8c7a451da5b1350cf21db8322c33b0f749e4 c0a3ee25e1fd81b07dec6b570d1a26ca1979b54acd249ecac0523db4b1575865a9b832ffdba18b40da54e4a9d7e96d33
CLIENT_HANDSHAKE_TRAFFIC_SECRET a27dc2f9891d08f3f26309a202cb8c7a451da5b1350cf21db8322c33b0f749e4 7bcc6fc6ae9c275220797c030da866359d29dd5e396cc626d0527708393a1c356685137f9337437775bbcb8eac967025
CLIENT_TRAFFIC_SECRET_0 a27dc2f9891d08f3f26309a202cb8c7a451da5b1350cf21db8322c33b0f749e4 ec02baaf7f068f9426fab1b3fcdcb981c7f5a9903c209ac9fb68bd71d63a37fd91ede7d612d6e8e39fa34a0e6207570e
SERVER_HANDSHAKE_TRAFFIC_SECRET 8e4ee48d0d85c264c496b35389eea53f1024f1c96184836c1a58c9038b341e86 ef626fd9c1f9667e0da57045d0bd539db79404e8ada17fa1075392220b082b83211cff58197e03869725d0f2a60261dc
EXPORTER_SECRET 8e4ee48d0d85c264c496b35389eea53f1024f1c96184836c1a58c9038b341e86 1786c0fc92ab27fd538f3b3393bec037c83bd706c4823c00b8ae3cf09d0cd913c9b83436ea1fffc9c41026ad1fa20ff7
SERVER_TRAFFIC_SECRET_0 8e4ee48d0d85c264c496b35389eea53f1024f1c96184836c1a58c9038b341e86 9a56e194f5bed406238e648cc4625ac92ae2edf7c8ac5d51fc02f3b837c94cd6cb4b3c44e3d56e99a241c5731b4e8c1e
CLIENT_HANDSHAKE_TRAFFIC_SECRET 8e4ee48d0d85c264c496b35389eea53f1024f1c96184836c1a58c9038b341e86 d404889530f26e293fad99e7c97d5d7e41ec7055dee8b9c7088728887772073ac409b2d407313ec489053c86d3698410
CLIENT_TRAFFIC_SECRET_0 8e4ee48d0d85c264c496b35389eea53f1024f1c96184836c1a58c9038b341e86 1f5702bbccc7a2ad065d6931ad7babf9ebab5d2eaf584b345ae761930277db8b0051c08bb82765fbec32d8aa68d7c1f0
SERVER_HANDSHAKE_TRAFFIC_SECRET b5d12b1e2944f2a25e705aaf688623de524e4dd2320f9e488f975b267b83ab89 3c3a4042c194c7cab3a4c39ef269c45e00af3ca69b3a22079a787f1992ef2cac9cd4314c1cb3589770cd177fe5501150
EXPORTER_SECRET b5d12b1e2944f2a25e705aaf688623de524e4dd2320f9e488f975b267b83ab89 b6b962c64b643d36b3b3f54c3c04f8776169e22f876bc6949e99a2f436ac44cb4725c48b35b7088be6a0f5264051c75e
SERVER_TRAFFIC_SECRET_0 b5d12b1e2944f2a25e705aaf688623de524e4dd2320f9e488f975b267b83ab89 e3e2f3cbd8b98fdf24218bd79dbdd634eb730e7fee695f60c5c7858d11717906cc8f4821eedadaba3367feacd72307c7
CLIENT_HANDSHAKE_TRAFFIC_SECRET b5d12b1e2944f2a25e705aaf688623de524e4dd2320f9e488f975b267b83ab89 c69c5a65afb20ac49dceb3b0e9cb994898bca7476155195fc4cda926fc93c9ca3e79de42b79804e1fae0b860104a5059
CLIENT_TRAFFIC_SECRET_0 b5d12b1e2944f2a25e705aaf688623de524e4dd2320f9e488f975b267b83ab89 b08197f699e7e6a16611bf03a1aed27219060276c7808c3c87595d37f1592d07676e663d0d4ea6fe04e44282b7dc762b
SERVER_HANDSHAKE_TRAFFIC_SECRET 0edc76b1e37e3311658de3dfd3080d3d1c0757ae8445b7928ce7c39436a52184 e3736bb470e0dcb1306699b0336c3ff944d8e4f1da99ea482ce36be0f208657950b7c8c09b9291e84679f9b6db979f21
EXPORTER_SECRET 0edc76b1e37e3311658de3dfd3080d3d1c0757ae8445b7928ce7c39436a52184 fd3f83fcb3f6b41dda1a1b800c2e07ce7b8251372cf9d27e2b227d7b17875aa5d9335d47d17451c910e0651cf8d443b6
SERVER_TRAFFIC_SECRET_0 0edc76b1e37e3311658de3dfd3080d3d1c0757ae8445b7928ce7c39436a52184 b5fd0159a575b6b11f3cc13e40fb4a0a2a3e5bfe3fc50132ba3503feb5b2033c0777577abce62eb7741d949678d176ad
CLIENT_HANDSHAKE_TRAFFIC_SECRET 0edc76b1e37e3311658de3dfd3080d3d1c0757ae8445b7928ce7c39436a52184 7db32c94e0ce4494e63cad62c3317e4b0ab16be53c8411361951e3694e2a917252ba9f04b86e50b4ec3bf228495f17b1
CLIENT_TRAFFIC_SECRET_0 0edc76b1e37e3311658de3dfd3080d3d1c0757ae8445b7928ce7c39436a52184 0363186db140c97c711308f072050f63d3dbbb5945cceac7060aeba55d6da7ecb22dc6862b1077de44cd4e240722d745
SERVER_HANDSHAKE_TRAFFIC_SECRET 8a26a9dbebcf623baf91eede91d57d6dbc2ab0dcf32ec82197e97cb859716b75 cef5179248d274f93537094cd91091a6a13aeb99c46d366c2ab52f5a10b859d20c47e85725402139d03ee1a2d67c4daf
EXPORTER_SECRET 8a26a9dbebcf623baf91eede91d57d6dbc2ab0dcf32ec82197e97cb859716b75 9e308bcef321be4273f5b05d0abd89ce5358104d3d1300c6f85256415828cda4dc825ab9aa49a539eabc502c24aeb564
SERVER_TRAFFIC_SECRET_0 8a26a9dbebcf623baf91eede91d57d6dbc2ab0dcf32ec82197e97cb859716b75 a03932383108b5271816e9ac77094ae054638e269dbbe654c84c4f6a59eb2acfa4074bb68403962aaae740dc35c17277
CLIENT_HANDSHAKE_TRAFFIC_SECRET 8a26a9dbebcf623baf91eede91d57d6dbc2ab0dcf32ec82197e97cb859716b75 6c0e4d4919ef089ee044454368fcb5c954e5365d7481fee6542577d10925e826e19dc14746db70a1948b8f9241c49724
CLIENT_TRAFFIC_SECRET_0 8a26a9dbebcf623baf91eede91d57d6dbc2ab0dcf32ec82197e97cb859716b75 503933ce577c2f569952ec06d27f8bfcb171842abe124f65698350bfe62ed402781dc33db1537c28e283bc94a082a3e1
SERVER_HANDSHAKE_TRAFFIC_SECRET 317ce9e6cc38f33b136bb83670e401116ab8d0d921c44ed373ee7ccf49fe0c32 3a10075e9cb7456be2441372d5969b40c56d383bda4879884029c67771dd64b0a2456aa47ba4f5fc1fbe8a67dfb45d9a
EXPORTER_SECRET 317ce9e6cc38f33b136bb83670e401116ab8d0d921c44ed373ee7ccf49fe0c32 f7f5b96954a22dd0ca479cba161b243139125965fb3813b1c253858bbc8acfa73b11a09d4dcf3b6dce239e7a36fe099f
SERVER_TRAFFIC_SECRET_0 317ce9e6cc38f33b136bb83670e401116ab8d0d921c44ed373ee7ccf49fe0c32 3b07e0dd1d56a18eca9fe4f987b8d58042747cd58669a4741e5a097bf25e82b7c26f292b066d35cdf2f4e69dab305831
CLIENT_HANDSHAKE_TRAFFIC_SECRET 317ce9e6cc38f33b136bb83670e401116ab8d0d921c44ed373ee7ccf49fe0c32 d2bb9a7649ac6341fb154c5c43a404b059bd8bdcb23262aee6ced66e78211c32ab7b0c9b5a2d3e52345fbd80d91f5139
CLIENT_TRAFFIC_SECRET_0 317ce9e6cc38f33b136bb83670e401116ab8d0d921c44ed373ee7ccf49fe0c32 581e763c2c2a63309b12bf44173a1f6f7632eb275cea9daf7681b1a64971bb9981995870a798dae967c0e00582bfce94
CLIENT_HANDSHAKE_TRAFFIC_SECRET ea1499c6ea83748991653399e5c4eee2ddc91bb461918c2a18e833aff9c1e3c6 27e7c661bef1f0e58f2adaa568a4f9d0e43d80f788c4131089a9dc4e0cb68860
SERVER_HANDSHAKE_TRAFFIC_SECRET ea1499c6ea83748991653399e5c4eee2ddc91bb461918c2a18e833aff9c1e3c6 84b13a48a180d6b1e75617563e061bc26268eabdbfc5a09568ae8e2988758ee6
CLIENT_TRAFFIC_SECRET_0 ea1499c6ea83748991653399e5c4eee2ddc91bb461918c2a18e833aff9c1e3c6 0cd41ffd7032664c89c4a8307f82fbbd92c48345068fd95fb1fe8f5ed7218a5a
SERVER_TRAFFIC_SECRET_0 ea1499c6ea83748991653399e5c4eee2ddc91bb461918c2a18e833aff9c1e3c6 629fa155f490056cfc783e6cec275b077e451de54fd283ea158be71909cdbe10
EXPORTER_SECRET ea1499c6ea83748991653399e5c4eee2ddc91bb461918c2a18e833aff9c1e3c6 1425240ee102439a8a4964ca138da6edc79c84f61500f2c27efea8cea223ec62
CLIENT_EARLY_TRAFFIC_SECRET 7f5a493e3b1539e9588ba8df73e794956e0fefbc73d1fdaf522b6ecad7e723f8 b375c153fac3a31398eed36a82bc0c9dae22b5438619976814c003b2aa6c34dc
EARLY_EXPORTER_SECRET 7f5a493e3b1539e9588ba8df73e794956e0fefbc73d1fdaf522b6ecad7e723f8 832b46a819cf5ae5a0d06849a6a796aa6ac7d3460bfeba1dd3d85a46451a17a6
CLIENT_HANDSHAKE_TRAFFIC_SECRET 7f5a493e3b1539e9588ba8df73e794956e0fefbc73d1fdaf522b6ecad7e723f8 21de73611dfe679ac98c9d97bfeb06c882d3e6b12ffe2074162cd6a268c5c4c0
SERVER_HANDSHAKE_TRAFFIC_SECRET 7f5a493e3b1539e9588ba8df73e794956e0fefbc73d1fdaf522b6ecad7e723f8 f7f40286c20bfe3f0ab497c3639f9569fa8b4fe9a4707e06500cc83ff593d900
CLIENT_TRAFFIC_SECRET_0 7f5a493e3b1539e9588ba8df73e794956e0fefbc73d1fdaf522b6ecad7e723f8 519c884951127209723dc7e0392dab0e23acc3535b3cc8b1bc137243567b72a3
SERVER_TRAFFIC_SECRET_0 7f5a493e3b1539e9588ba8df73e794956e0fefbc73d1fdaf522b6ecad7e723f8 363a94fb9b0a8f4a4c514c7644bf313c3b81ac528458367deca0b7d62a051de7
EXPORTER_SECRET 7f5a493e3b1539e9588ba8df73e794956e0fefbc73d1fdaf522b6ecad7e723f8 1faf1475e73f2cf66b7a7e12517fa0ffe11e5a8ae99d50964a2d2eb2b93fbbec
CLIENT_RANDOM 622bbd6be98b4dc37b9fe1b083ffc6cc141e3169a13f7442a6e512b9cc3d4a37 2e985102a8ded418d76d61a2dff166cb6e5d39880baef860d61beeed671ec3d9571cc4b1d23c9939d108a70c7a68c8e0
CLIENT_HANDSHAKE_TRAFFIC_SECRET 12e8ce8d4de6024764cc0d80d9c6030fe05c56109231154a2963c7bd62b418ed 32e9c0e2559f36f4ed39f5ac003968204920902eb419b3374bbb90a6ae471cd5
SERVER_HANDSHAKE_TRAFFIC_SECRET 12e8ce8d4de6024764cc0d80d9c6030fe05c56109231154a2963c7bd62b418ed 11bb545cc3c7b54584fffa0cc6ce7438bf2316d4f100874a5de71eefdc8a4552
CLIENT_TRAFFIC_SECRET_0 12e8ce8d4de6024764cc0d80d9c6030fe05c56109231154a2963c7bd62b418ed 78cec15fe684146a092626022e4bfc75e111b9f1e308f034b5c84b84c8580a1c
SERVER_TRAFFIC_SECRET_0 12e8ce8d4de6024764cc0d80d9c6030fe05c56109231154a2963c7bd62b418ed f94b200dd796b894dce0cb014ef2edcde07484e43e362ed82dad7d3a313a2ad1
EXPORTER_SECRET 12e8ce8d4de6024764cc0d80d9c6030fe05c56109231154a2963c7bd62b418ed c009671d6ade01ada3808315424cbd3b9298d51e3cfbad97e7127234a4eca5aa
CLIENT_HANDSHAKE_TRAFFIC_SECRET d1fc34f427f21e34911d89ad9b9bd677968d14518b554859a34f8611906a181e e95cc6c4126c7e4430c7bf55d85162cdb68a864bbce38c90f9f29d23b7ee0a3e
SERVER_HANDSHAKE_TRAFFIC_SECRET d1fc34f427f21e34911d89ad9b9bd677968d14518b554859a34f8611906a181e 8c191ec41bf4a04f246f1175d8dfdbfcffed3fe7ea0f21401155448c15c4b210
CLIENT_TRAFFIC_SECRET_0 d1fc34f427f21e34911d89ad9b9bd677968d14518b554859a34f8611906a181e fb88ee3389cc20ed3313a2fbe9869cc364a4bc6dbc35d2d1b73152eb080ff629
SERVER_TRAFFIC_SECRET_0 d1fc34f427f21e34911d89ad9b9bd677968d14518b554859a34f8611906a181e a5da94b75f1d073824d20537ea1476110611b38f954f16bbc204a222ef8be4bf
EXPORTER_SECRET d1fc34f427f21e34911d89ad9b9bd677968d14518b554859a34f8611906a181e 16a1a133dae8b0d5363babcbdfce390df246540bd09ef9ab90bbd0cf5cfc1e24
CLIENT_EARLY_TRAFFIC_SECRET 1eb24a73d94940b365d3bafe97922e6726fa4c2bea01c248e0d85b1b7f757981 807b9a829cae991eecae37c2ffd49f8311a185b67d88ade19a292aea81094988
EARLY_EXPORTER_SECRET 1eb24a73d94940b365d3bafe97922e6726fa4c2bea01c248e0d85b1b7f757981 5c6b933e83f2ddd3ed81b268f1ccfe692550dc228cb4bda5e648ebd5d726f339
CLIENT_HANDSHAKE_TRAFFIC_SECRET 1eb24a73d94940b365d3bafe97922e6726fa4c2bea01c248e0d85b1b7f757981 355ca8a7e23ff22f4e740f98621f78dfcc068b41eab54cd874f5498fc466adb7
SERVER_HANDSHAKE_TRAFFIC_SECRET 1eb24a73d94940b365d3bafe97922e6726fa4c2bea01c248e0d85b1b7f757981 a1469c3c0449973aeb8c41b5c70f4a51aa91f19d330aa217d397706a54ff96f1
CLIENT_TRAFFIC_SECRET_0 1eb24a73d94940b365d3bafe97922e6726fa4c2bea01c248e0d85b1b7f757981 f3fd029452e0dfc88294f183f2d03835c944244db1726a0610934ff0b20fc7ce
SERVER_TRAFFIC_SECRET_0 1eb24a73d94940b365d3bafe97922e6726fa4c2bea01c248e0d85b1b7f757981 b3cfd8bfe8fe440eb661879a17c33231ac4112c0c479cc2a3ee756f56249e6c2
EXPORTER_SECRET 1eb24a73d94940b365d3bafe97922e6726fa4c2bea01c248e0d85b1b7f757981 db9d2e3a725ef5910dabc821a7c58960bd2cc2ba5237c811c0d7eaba08cb116d
CLIENT_EARLY_TRAFFIC_SECRET d5c1c7841f1f915c6eeef03ae4cb5e2ae70c288974c7a55ded69c12f4d0c4a6a bd516e1fb67d76266258d898df03980dad28ef70c4e69a81917191ea536c2640
EARLY_EXPORTER_SECRET d5c1c7841f1f915c6eeef03ae4cb5e2ae70c288974c7a55ded69c12f4d0c4a6a da3af4dffb37c3671960f14317089a4897032b534667613cd70525dcb6c00b81
CLIENT_HANDSHAKE_TRAFFIC_SECRET d5c1c7841f1f915c6eeef03ae4cb5e2ae70c288974c7a55ded69c12f4d0c4a6a 5362841821aecf176cc8011d6876c525df89e33787ec46fd6965da7653ccd4c9
SERVER_HANDSHAKE_TRAFFIC_SECRET d5c1c7841f1f915c6eeef03ae4cb5e2ae70c288974c7a55ded69c12f4d0c4a6a ab5fb26c2e96945bf1652da09df3589cd7fb6325f9c72de8428fbbb9b335190c
CLIENT_TRAFFIC_SECRET_0 d5c1c7841f1f915c6eeef03ae4cb5e2ae70c288974c7a55ded69c12f4d0c4a6a 9fcbc06f3e74d4ef3c9e4b6323e7ffcd9a2a4492b4c2ae7222fc64c6ab02f8cd
SERVER_TRAFFIC_SECRET_0 d5c1c7841f1f915c6eeef03ae4cb5e2ae70c288974c7a55ded69c12f4d0c4a6a 260298e63050072c6cefa7ff6b85426c9e2d7e44bbd8c762dfb5edce5b97c63c
EXPORTER_SECRET d5c1c7841f1f915c6eeef03ae4cb5e2ae70c288974c7a55ded69c12f4d0c4a6a cabaf969be2ece09b6adb4b4b1c8d0df7538935da9cdf6826116ef8b74ef85f0
CLIENT_RANDOM 7b8c5535305d181738a21c3bb0dc5850f576ab3f19ec55322753fbc16add934f e56995f5072be595b8e6121518f068c6fdc678d92fc4212878bb27d26436d1116012ac17396767d3c952b9fabe3eb96a
CLIENT_RANDOM 50d6aa04aa12afb8d176da05d8b40e5fddd0f0aae29d78c029eaac7d6654526e 7e3b75e8f7de3ccf1f0669a775cdffbd508ce85fc12da95ef61190f128c598cf42881811f8e4c9eb4874ac791abcb169
CLIENT_HANDSHAKE_TRAFFIC_SECRET 686a78df10b62e95f708750abb4fafd918e7fc6657929020a748a4a63541ec58 628cc90027788277c0f56e63fb8a2229efc6a589c6f391c2c8bdc02194eac402
SERVER_HANDSHAKE_TRAFFIC_SECRET 686a78df10b62e95f708750abb4fafd918e7fc6657929020a748a4a63541ec58 789f58a32cbd4648829ff1ec3dc45d8bdf709f974fcba80e15b24d08f7cc8277
CLIENT_TRAFFIC_SECRET_0 686a78df10b62e95f708750abb4fafd918e7fc6657929020a748a4a63541ec58 b6769e8720af8810e91e7aeb260e3303f5adb87cfc046654b9e51a0107b8dcf4
SERVER_TRAFFIC_SECRET_0 686a78df10b62e95f708750abb4fafd918e7fc6657929020a748a4a63541ec58 b3dc6796e88e21277b761367841345a7ca42acbdb1653f89dfaffe7a3646e026
EXPORTER_SECRET 686a78df10b62e95f708750abb4fafd918e7fc6657929020a748a4a63541ec58 b1c2498250d18106157eff79f644f04cc3bc0f60aee3daf7e7a6021e4b774443
CLIENT_HANDSHAKE_TRAFFIC_SECRET 7e8d755cb8a9b42275a42d09767c315d607f7165e5f055e7d6844e5692dc5270 d42b9ad4cfe2323db628f028698a3d07b4eb085ad0af4905910021ee13990546acfcdfc5a68f9f2ac8322a9bd3d2443e
SERVER_HANDSHAKE_TRAFFIC_SECRET 7e8d755cb8a9b42275a42d09767c315d607f7165e5f055e7d6844e5692dc5270 54b0e007676e6fa597ac8f526dc8d539e11e6179d038cab8e23a70e9b7907c60c67e40cabea6e6e07e8969ce64236a26
CLIENT_TRAFFIC_SECRET_0 7e8d755cb8a9b42275a42d09767c315d607f7165e5f055e7d6844e5692dc5270 428bc3f6b432cb7b9a1a5990159e249863339ceea5a76eb92d9cb166c51b7a550ba1d647e01abd8d8004bcb40fa1b43b
SERVER_TRAFFIC_SECRET_0 7e8d755cb8a9b42275a42d09767c315d607f7165e5f055e7d6844e5692dc5270 861d3b5cc80912d3be2680c06f5767b6f1aac0c85c0e25c40f321697e39da90b70b269729b4d80b468023a4ed716994e
EXPORTER_SECRET 7e8d755cb8a9b42275a42d09767c315d607f7165e5f055e7d6844e5692dc5270 e6278ab3519022608752ee9e84e57ca9c7f069e9d71ccaa0088d0c93bf60acbd7b11518c05ac3bffff0215c47794a9cd
CLIENT_HANDSHAKE_TRAFFIC_SECRET 59a40ada3a1be43241b66e875adedb85a15de5309bba5657de3a778c32196c57 8666c76475c8105168dee778b5b8497e66259aa8886ab79dda1aab7d7af59fa8
SERVER_HANDSHAKE_TRAFFIC_SECRET 59a40ada3a1be43241b66e875adedb85a15de5309bba5657de3a778c32196c57 1c423e2973cf0a429d94f619ea2561ba70ab3f7720e77aa9f6a64352341d31a9
CLIENT_TRAFFIC_SECRET_0 59a40ada3a1be43241b66e875adedb85a15de5309bba5657de3a778c32196c57 4cf6d8d65a1c7634860ffe1e6db3709fbb40154002d1bc26bf584b3555eb2855
SERVER_TRAFFIC_SECRET_0 59a40ada3a1be43241b66e875adedb85a15de5309bba5657de3a778c32196c57 3d9e460021da5d08a255a618304f7212cdcb2ca47c220aed1e9c4be80c4a58c9
EXPORTER_SECRET 59a40ada3a1be43241b66e875adedb85a15de5309bba5657de3a778c32196c57 29380e487cab8e8370e48b5da8fa3f72d0d9140a94b2462d00e36d5c13990c61
CLIENT_HANDSHAKE_TRAFFIC_SECRET e2dcba71e32d2989b88cf6851ef973437863f982a28c9912af5de5c2c8912795 31325b2c7bd6e3ac550bc361f84e333df90f96008523e627257db617545ab78f
SERVER_HANDSHAKE_TRAFFIC_SECRET e2dcba71e32d2989b88cf6851ef973437863f982a28c9912af5de5c2c8912795 b0f88f08054e3a25c80e452aa0c25a25be478105ed715ad9de8e1eed8bde0d57
CLIENT_TRAFFIC_SECRET_0 e2dcba71e32d2989b88cf6851ef973437863f982a28c9912af5de5c2c8912795 897246778f3be244815b0fd15e46c1c54a636dda9262978ca9cbd5de8bd01e5b
SERVER_TRAFFIC_SECRET_0 e2dcba71e32d2989b88cf6851ef973437863f982a28c9912af5de5c2c8912795 cc294e3ddcc63e844c9b4b4e132dfa2dcccbcddb422a1e5c0dbc69a0a54b274a
EXPORTER_SECRET e2dcba71e32d2989b88cf6851ef973437863f982a28c9912af5de5c2c8912795 53a7faa6a73888be84745b6630a9c78eb171b73ed1d15599be16c6bb42586c43
CLIENT_HANDSHAKE_TRAFFIC_SECRET d9a4d19eb8f23535003c834b96b3d2842d13925027dda3bd0e21c3b5f8433fc0 e04ad2a120a3fd9df6f7a90bfdd7aac3253609d0e486fccbbed923e14345e99b
SERVER_HANDSHAKE_TRAFFIC_SECRET d9a4d19eb8f23535003c834b96b3d2842d13925027dda3bd0e21c3b5f8433fc0 6578ef50577035f9edbd5d803680a11a5af9955b9a7594f45d6f74faa8701781
CLIENT_TRAFFIC_SECRET_0 d9a4d19eb8f23535003c834b96b3d2842d13925027dda3bd0e21c3b5f8433fc0 a3c8982e118c4240b95dd4b38ec39332ac6e3e5a2517d85acd43805d05180b27
SERVER_TRAFFIC_SECRET_0 d9a4d19eb8f23535003c834b96b3d2842d13925027dda3bd0e21c3b5f8433fc0 3b6cdd40632cf63be95efbfd9858e26382c2ff7ebbd3b1ce01ce81eddd99ca43
EXPORTER_SECRET d9a4d19eb8f23535003c834b96b3d2842d13925027dda3bd0e21c3b5f8433fc0 d2a1a72835b00c17f0a0566a73f2cadd2098e739ea29b9a276bfc0c5b5ef0598
CLIENT_HANDSHAKE_TRAFFIC_SECRET a938c1fe72ecea4d78e19b2f40e51a04d26a96ed9505f0d2ae78365dc4698958 7c448ce881e3692144d896d8b4c561a879cbeb19396dce6c649b0bea43f93c79
SERVER_HANDSHAKE_TRAFFIC_SECRET a938c1fe72ecea4d78e19b2f40e51a04d26a96ed9505f0d2ae78365dc4698958 c2b8d39dafade3c85b65a695ae29939ba65f7fb3bc0f2ab5db729b19626f8518
CLIENT_TRAFFIC_SECRET_0 a938c1fe72ecea4d78e19b2f40e51a04d26a96ed9505f0d2ae78365dc4698958 f51c7c1e7505fdd8ce762d3ec460479ce63dd941d6bc638974ad10c5090fce37
SERVER_TRAFFIC_SECRET_0 a938c1fe72ecea4d78e19b2f40e51a04d26a96ed9505f0d2ae78365dc4698958 b8144fd2db9c3b5425dc3f2772e54933260907608ed62a86ee705a8b2eb9748f
EXPORTER_SECRET a938c1fe72ecea4d78e19b2f40e51a04d26a96ed9505f0d2ae78365dc4698958 846141ed6f5fd04629c2a29d82645676b97dc5993d2ed01cd345510a52c59e43
CLIENT_RANDOM f4ca9e944052939b3fe573b1ca7e70c789d5710cdfe19eb8c68fcf06c015a9d7 16aba61df35dcac84274510a5145d6ec923988992094fac76c4802ce914d8604820b980bec089af35d82b0a47723d19e
